Training : trf_ae_dv_ed.128_nl.8_nh.8_df.512_sl.30_ss.1_lr.0.001_bs.256
Loading datasets  from D:\Projets\GoDaddy\dataset\pickle\all_dataset_30_1_True.pickle
Nb sequences : Train 25079 - Val 6270 - Test 25080
Launch training on cuda
Using encoder census data
Epoch 0 - Train loss: 41.2145 - Val loss: 22.4230
Saving best model
Epoch 1 - Train loss: 16.3429 - Val loss: 14.2599
Saving best model
Epoch 2 - Train loss: 11.2273 - Val loss: 9.7387
Saving best model
Epoch 3 - Train loss: 8.2574 - Val loss: 5.6219
Saving best model
Epoch 4 - Train loss: 6.9779 - Val loss: 7.2602
Epoch 5 - Train loss: 6.2227 - Val loss: 8.0798
Epoch 6 - Train loss: 6.9922 - Val loss: 8.5121
Epoch 7 - Train loss: 7.5350 - Val loss: 5.9583
Epoch 8 - Train loss: 4.8996 - Val loss: 5.3712
Saving best model
Epoch 9 - Train loss: 4.4804 - Val loss: 5.5196
Epoch 10 - Train loss: 4.6805 - Val loss: 3.9745
Saving best model
Epoch 11 - Train loss: 4.3399 - Val loss: 3.5840
Saving best model
Epoch 12 - Train loss: 4.3193 - Val loss: 4.8418
Epoch 13 - Train loss: 3.7279 - Val loss: 3.6169
Epoch 14 - Train loss: 4.1532 - Val loss: 4.7791
Epoch 15 - Train loss: 3.8550 - Val loss: 3.8606
Epoch 16 - Train loss: 4.1693 - Val loss: 4.4679
Epoch 17 - Train loss: 3.6473 - Val loss: 2.5906
Saving best model
Epoch 18 - Train loss: 3.3121 - Val loss: 2.6195
Epoch 19 - Train loss: 3.2963 - Val loss: 2.9527
Epoch 20 - Train loss: 4.0203 - Val loss: 3.6027
Epoch 21 - Train loss: 3.0622 - Val loss: 2.8326
Epoch 22 - Train loss: 3.0664 - Val loss: 3.1417
Epoch 23 - Train loss: 3.4991 - Val loss: 3.4029
Epoch 24 - Train loss: 3.2758 - Val loss: 3.4549
Epoch 25 - Train loss: 3.0831 - Val loss: 2.5448
Saving best model
Epoch 26 - Train loss: 2.8561 - Val loss: 3.1362
Epoch 27 - Train loss: 3.4705 - Val loss: 3.4395
Epoch 28 - Train loss: 3.1916 - Val loss: 3.2888
Epoch 29 - Train loss: 2.8098 - Val loss: 2.6998
Epoch 30 - Train loss: 2.6943 - Val loss: 3.2957
Epoch 31 - Train loss: 2.8584 - Val loss: 2.5077
Saving best model
Epoch 32 - Train loss: 2.9704 - Val loss: 3.3878
Epoch 33 - Train loss: 3.2608 - Val loss: 2.7069
Epoch 34 - Train loss: 2.7478 - Val loss: 2.4445
Saving best model
Epoch 35 - Train loss: 2.4676 - Val loss: 3.9851
Epoch 36 - Train loss: 2.7846 - Val loss: 2.6089
Epoch 37 - Train loss: 2.9289 - Val loss: 2.5729
Epoch 38 - Train loss: 2.6773 - Val loss: 2.2276
Saving best model
Epoch 39 - Train loss: 2.4502 - Val loss: 2.4125
Epoch 40 - Train loss: 2.7051 - Val loss: 2.3113
Epoch 41 - Train loss: 2.3812 - Val loss: 2.0551
Saving best model
Epoch 42 - Train loss: 2.5501 - Val loss: 2.5940
Epoch 43 - Train loss: 2.4696 - Val loss: 2.8827
Epoch 44 - Train loss: 2.7613 - Val loss: 2.2859
Epoch 45 - Train loss: 2.6000 - Val loss: 2.9298
Epoch 46 - Train loss: 2.5700 - Val loss: 2.8757
Epoch 47 - Train loss: 2.5948 - Val loss: 2.1201
Epoch 48 - Train loss: 2.3303 - Val loss: 2.4941
Epoch 49 - Train loss: 2.5342 - Val loss: 2.1544
Epoch 50 - Train loss: 1.8936 - Val loss: 1.9827
Saving best model
Epoch 51 - Train loss: 1.8562 - Val loss: 1.9848
Epoch 52 - Train loss: 1.9579 - Val loss: 1.9924
Epoch 53 - Train loss: 1.8560 - Val loss: 1.9171
Saving best model
Epoch 54 - Train loss: 1.8424 - Val loss: 1.8651
Saving best model
Epoch 55 - Train loss: 1.8255 - Val loss: 2.2776
Epoch 56 - Train loss: 1.8940 - Val loss: 2.1005
Epoch 57 - Train loss: 1.8926 - Val loss: 2.0278
Epoch 58 - Train loss: 1.9989 - Val loss: 1.9536
Epoch 59 - Train loss: 1.8829 - Val loss: 1.9125
Epoch 60 - Train loss: 1.9225 - Val loss: 1.9253
Epoch 61 - Train loss: 1.9209 - Val loss: 1.9821
Epoch 62 - Train loss: 1.8560 - Val loss: 2.0819
Epoch 63 - Train loss: 1.9706 - Val loss: 2.0152
Epoch 64 - Train loss: 1.8824 - Val loss: 1.9638
Epoch 65 - Train loss: 1.9477 - Val loss: 2.2142
Epoch 66 - Train loss: 1.8842 - Val loss: 1.8861
Epoch 67 - Train loss: 1.9033 - Val loss: 2.0437
Epoch 68 - Train loss: 1.9265 - Val loss: 1.9996
Epoch 69 - Train loss: 2.0910 - Val loss: 2.5312
Epoch 70 - Train loss: 2.0846 - Val loss: 1.8439
Saving best model
Epoch 71 - Train loss: 1.8504 - Val loss: 2.1481
Epoch 72 - Train loss: 1.8679 - Val loss: 1.9686
Epoch 73 - Train loss: 2.1374 - Val loss: 2.0911
Epoch 74 - Train loss: 1.9781 - Val loss: 2.1707
Epoch 75 - Train loss: 1.8321 - Val loss: 1.9843
Epoch 76 - Train loss: 1.7953 - Val loss: 1.8240
Saving best model
Epoch 77 - Train loss: 1.8277 - Val loss: 1.9098
Epoch 78 - Train loss: 1.9389 - Val loss: 2.2136
Epoch 79 - Train loss: 1.9793 - Val loss: 2.6693
Epoch 80 - Train loss: 1.9448 - Val loss: 1.9227
Epoch 81 - Train loss: 1.7872 - Val loss: 1.8802
Epoch 82 - Train loss: 1.8664 - Val loss: 2.0691
Epoch 83 - Train loss: 1.9304 - Val loss: 2.0216
Epoch 84 - Train loss: 1.9518 - Val loss: 2.0658
Epoch 85 - Train loss: 1.7984 - Val loss: 1.8894
Epoch 86 - Train loss: 1.9732 - Val loss: 2.3525
Epoch 87 - Train loss: 1.9349 - Val loss: 1.8775
Epoch 88 - Train loss: 1.8041 - Val loss: 2.1914
Epoch 89 - Train loss: 1.8626 - Val loss: 1.8394
Epoch 90 - Train loss: 2.0277 - Val loss: 2.7012
Epoch 91 - Train loss: 1.8663 - Val loss: 1.9404
Epoch 92 - Train loss: 1.8532 - Val loss: 2.1059
Epoch 93 - Train loss: 1.9408 - Val loss: 1.8220
Saving best model
Epoch 94 - Train loss: 1.8944 - Val loss: 1.8793
Epoch 95 - Train loss: 1.8980 - Val loss: 2.0955
Epoch 96 - Train loss: 1.9100 - Val loss: 1.8749
Epoch 97 - Train loss: 1.8147 - Val loss: 2.3183
Epoch 98 - Train loss: 1.8606 - Val loss: 1.8513
Epoch 99 - Train loss: 2.0748 - Val loss: 1.8622
Epoch 100 - Train loss: 1.6747 - Val loss: 1.8596
Epoch 101 - Train loss: 1.6195 - Val loss: 1.7271
Saving best model
Epoch 102 - Train loss: 1.6359 - Val loss: 1.7952
Epoch 103 - Train loss: 1.6393 - Val loss: 1.7471
Epoch 104 - Train loss: 1.6221 - Val loss: 1.7315
Epoch 105 - Train loss: 1.5950 - Val loss: 1.7953
Epoch 106 - Train loss: 1.6635 - Val loss: 1.9104
Epoch 107 - Train loss: 1.6286 - Val loss: 1.8576
Epoch 108 - Train loss: 1.6126 - Val loss: 1.7115
Saving best model
Epoch 109 - Train loss: 1.5974 - Val loss: 1.7003
Saving best model
Epoch 110 - Train loss: 1.5952 - Val loss: 1.7844
Epoch 111 - Train loss: 1.6378 - Val loss: 1.7125
Epoch 112 - Train loss: 1.6061 - Val loss: 1.7464
Epoch 113 - Train loss: 1.6080 - Val loss: 1.7443
Epoch 114 - Train loss: 1.6425 - Val loss: 1.7997
Epoch 115 - Train loss: 1.6279 - Val loss: 1.7335
Epoch 116 - Train loss: 1.6526 - Val loss: 1.9118
Epoch 117 - Train loss: 1.6454 - Val loss: 1.7075
Epoch 118 - Train loss: 1.6132 - Val loss: 1.7928
Epoch 119 - Train loss: 1.6322 - Val loss: 1.8272
Epoch 120 - Train loss: 1.6161 - Val loss: 1.7944
Epoch 121 - Train loss: 1.6275 - Val loss: 1.7902
Epoch 122 - Train loss: 1.6555 - Val loss: 1.8188
Epoch 123 - Train loss: 1.6288 - Val loss: 1.7332
Epoch 124 - Train loss: 1.6299 - Val loss: 1.7845
Epoch 125 - Train loss: 1.6442 - Val loss: 1.7054
Epoch 126 - Train loss: 1.6585 - Val loss: 1.7751
Epoch 127 - Train loss: 1.5898 - Val loss: 1.9326
Epoch 128 - Train loss: 1.6586 - Val loss: 1.7131
Epoch 129 - Train loss: 1.5704 - Val loss: 1.7505
Epoch 130 - Train loss: 1.6283 - Val loss: 1.7244
Epoch 131 - Train loss: 1.6283 - Val loss: 1.7700
Epoch 132 - Train loss: 1.6200 - Val loss: 1.7313
Epoch 133 - Train loss: 1.5987 - Val loss: 1.6835
Saving best model
Epoch 134 - Train loss: 1.5934 - Val loss: 1.6903
Epoch 135 - Train loss: 1.6087 - Val loss: 1.7343
Epoch 136 - Train loss: 1.5634 - Val loss: 1.7206
Epoch 137 - Train loss: 1.5770 - Val loss: 1.7108
Epoch 138 - Train loss: 1.5710 - Val loss: 1.7840
Epoch 139 - Train loss: 1.6071 - Val loss: 1.8130
Epoch 140 - Train loss: 1.6560 - Val loss: 1.7425
Epoch 141 - Train loss: 1.6095 - Val loss: 2.0130
Epoch 142 - Train loss: 1.6098 - Val loss: 1.7516
Epoch 143 - Train loss: 1.5757 - Val loss: 1.7319
Epoch 144 - Train loss: 1.5999 - Val loss: 1.7007
Epoch 145 - Train loss: 1.6028 - Val loss: 1.6967
Epoch 146 - Train loss: 1.5462 - Val loss: 1.7764
Epoch 147 - Train loss: 1.6174 - Val loss: 1.8416
Epoch 148 - Train loss: 1.5756 - Val loss: 1.8220
Epoch 149 - Train loss: 1.5699 - Val loss: 1.6726
Saving best model
Epoch 150 - Train loss: 1.4883 - Val loss: 1.7110
Epoch 151 - Train loss: 1.4660 - Val loss: 1.6748
Epoch 152 - Train loss: 1.4823 - Val loss: 1.7751
Epoch 153 - Train loss: 1.4807 - Val loss: 1.6738
Epoch 154 - Train loss: 1.4899 - Val loss: 1.6824
Epoch 155 - Train loss: 1.5009 - Val loss: 1.6924
Epoch 156 - Train loss: 1.4702 - Val loss: 1.6603
Saving best model
Epoch 157 - Train loss: 1.4778 - Val loss: 1.6628
Epoch 158 - Train loss: 1.4787 - Val loss: 1.6807
Epoch 159 - Train loss: 1.4873 - Val loss: 1.6404
Saving best model
Epoch 160 - Train loss: 1.4635 - Val loss: 1.6487
Epoch 161 - Train loss: 1.4764 - Val loss: 1.6398
Saving best model
Epoch 162 - Train loss: 1.4857 - Val loss: 1.7283
Epoch 163 - Train loss: 1.5005 - Val loss: 1.7155
Epoch 164 - Train loss: 1.4757 - Val loss: 1.6864
Epoch 165 - Train loss: 1.4786 - Val loss: 1.7224
Epoch 166 - Train loss: 1.4854 - Val loss: 1.6685
Epoch 167 - Train loss: 1.5019 - Val loss: 1.7195
Epoch 168 - Train loss: 1.4677 - Val loss: 1.6490
Epoch 169 - Train loss: 1.5055 - Val loss: 1.6930
Epoch 170 - Train loss: 1.4640 - Val loss: 1.6696
Epoch 171 - Train loss: 1.4793 - Val loss: 1.6760
Epoch 172 - Train loss: 1.4627 - Val loss: 1.6449
Epoch 173 - Train loss: 1.4814 - Val loss: 1.6692
Epoch 174 - Train loss: 1.4578 - Val loss: 1.6993
Epoch 175 - Train loss: 1.4947 - Val loss: 1.6599
Epoch 176 - Train loss: 1.4619 - Val loss: 1.7105
Epoch 177 - Train loss: 1.4638 - Val loss: 1.6450
Epoch 178 - Train loss: 1.4480 - Val loss: 1.6812
Epoch 179 - Train loss: 1.4603 - Val loss: 1.6939
Epoch 180 - Train loss: 1.4462 - Val loss: 1.7550
Epoch 181 - Train loss: 1.4684 - Val loss: 1.6697
Epoch 182 - Train loss: 1.4588 - Val loss: 1.7110
Epoch 183 - Train loss: 1.4936 - Val loss: 1.6408
Epoch 184 - Train loss: 1.4537 - Val loss: 1.6681
Epoch 185 - Train loss: 1.4634 - Val loss: 1.6818
Epoch 186 - Train loss: 1.4533 - Val loss: 1.6839
Epoch 187 - Train loss: 1.4745 - Val loss: 1.6975
Epoch 188 - Train loss: 1.4404 - Val loss: 1.7313
Epoch 189 - Train loss: 1.4580 - Val loss: 1.6506
Epoch 190 - Train loss: 1.4468 - Val loss: 1.6825
Epoch 191 - Train loss: 1.4417 - Val loss: 1.7273
Epoch 192 - Train loss: 1.5856 - Val loss: 1.8004
Epoch 193 - Train loss: 1.4939 - Val loss: 1.6481
Epoch 194 - Train loss: 1.4673 - Val loss: 1.6442
Epoch 195 - Train loss: 1.4726 - Val loss: 1.6800
Epoch 196 - Train loss: 1.4464 - Val loss: 1.6889
Epoch 197 - Train loss: 1.4500 - Val loss: 1.6372
Saving best model
Epoch 198 - Train loss: 1.4496 - Val loss: 1.6906
Epoch 199 - Train loss: 1.4635 - Val loss: 1.6648
Epoch 200 - Train loss: 1.3924 - Val loss: 1.6350
Saving best model
Epoch 201 - Train loss: 1.3808 - Val loss: 1.6450
Epoch 202 - Train loss: 1.3851 - Val loss: 1.6468
Epoch 203 - Train loss: 1.3806 - Val loss: 1.6384
Epoch 204 - Train loss: 1.3856 - Val loss: 1.6509
Epoch 205 - Train loss: 1.3840 - Val loss: 1.6506
Epoch 206 - Train loss: 1.3794 - Val loss: 1.6181
Saving best model
Epoch 207 - Train loss: 1.3688 - Val loss: 1.6241
Epoch 208 - Train loss: 1.3802 - Val loss: 1.6202
Epoch 209 - Train loss: 1.3719 - Val loss: 1.6417
Epoch 210 - Train loss: 1.3749 - Val loss: 1.6470
Epoch 211 - Train loss: 1.3693 - Val loss: 1.6339
Epoch 212 - Train loss: 1.3771 - Val loss: 1.6288
Epoch 213 - Train loss: 1.3643 - Val loss: 1.6193
Epoch 214 - Train loss: 1.3757 - Val loss: 1.6241
Epoch 215 - Train loss: 1.3824 - Val loss: 1.6737
Epoch 216 - Train loss: 1.3779 - Val loss: 1.6539
Epoch 217 - Train loss: 1.3730 - Val loss: 1.6368
Epoch 218 - Train loss: 1.3669 - Val loss: 1.6257
Epoch 219 - Train loss: 1.3787 - Val loss: 1.6167
Saving best model
Epoch 220 - Train loss: 1.3665 - Val loss: 1.6447
Epoch 221 - Train loss: 1.3610 - Val loss: 1.6462
Epoch 222 - Train loss: 1.3640 - Val loss: 1.6223
Epoch 223 - Train loss: 1.3638 - Val loss: 1.6325
Epoch 224 - Train loss: 1.3658 - Val loss: 1.6324
Epoch 225 - Train loss: 1.3683 - Val loss: 1.6543
Epoch 226 - Train loss: 1.3665 - Val loss: 1.6524
Epoch 227 - Train loss: 1.3562 - Val loss: 1.6285
Epoch 228 - Train loss: 1.3647 - Val loss: 1.6391
Epoch 229 - Train loss: 1.3546 - Val loss: 1.6444
Epoch 230 - Train loss: 1.3571 - Val loss: 1.6515
Epoch 231 - Train loss: 1.3621 - Val loss: 1.6405
Epoch 232 - Train loss: 1.3569 - Val loss: 1.6204
Epoch 233 - Train loss: 1.3383 - Val loss: 1.6268
Epoch 234 - Train loss: 1.3569 - Val loss: 1.6480
Epoch 235 - Train loss: 1.3474 - Val loss: 1.6379
Epoch 236 - Train loss: 1.3417 - Val loss: 1.6266
Epoch 237 - Train loss: 1.3474 - Val loss: 1.6689
Epoch 238 - Train loss: 1.3416 - Val loss: 1.6236
Epoch 239 - Train loss: 1.3522 - Val loss: 1.6177
Epoch 240 - Train loss: 1.3519 - Val loss: 1.6136
Saving best model
Epoch 241 - Train loss: 1.3311 - Val loss: 1.6224
Epoch 242 - Train loss: 1.3425 - Val loss: 1.6620
Epoch 243 - Train loss: 1.3443 - Val loss: 1.6244
Epoch 244 - Train loss: 1.3408 - Val loss: 1.6218
Epoch 245 - Train loss: 1.3425 - Val loss: 1.6739
Epoch 246 - Train loss: 1.3303 - Val loss: 1.6436
Epoch 247 - Train loss: 1.3261 - Val loss: 1.6217
Epoch 248 - Train loss: 1.3263 - Val loss: 1.6366
Epoch 249 - Train loss: 1.3258 - Val loss: 1.6527
Epoch 250 - Train loss: 1.3069 - Val loss: 1.6049
Saving best model
Epoch 251 - Train loss: 1.2986 - Val loss: 1.6093
Epoch 252 - Train loss: 1.2983 - Val loss: 1.6260
Epoch 253 - Train loss: 1.2997 - Val loss: 1.6366
Epoch 254 - Train loss: 1.2940 - Val loss: 1.6169
Epoch 255 - Train loss: 1.2953 - Val loss: 1.6152
Epoch 256 - Train loss: 1.3012 - Val loss: 1.6151
Epoch 257 - Train loss: 1.3002 - Val loss: 1.6317
Epoch 258 - Train loss: 1.3029 - Val loss: 1.6183
Epoch 259 - Train loss: 1.2957 - Val loss: 1.6244
Epoch 260 - Train loss: 1.2874 - Val loss: 1.6215
Epoch 261 - Train loss: 1.2906 - Val loss: 1.6115
Epoch 262 - Train loss: 1.2927 - Val loss: 1.6169
Epoch 263 - Train loss: 1.2890 - Val loss: 1.6236
Epoch 264 - Train loss: 1.2941 - Val loss: 1.6107
Epoch 265 - Train loss: 1.2842 - Val loss: 1.6258
Epoch 266 - Train loss: 1.2843 - Val loss: 1.6030
Saving best model
Epoch 267 - Train loss: 1.2894 - Val loss: 1.6136
Epoch 268 - Train loss: 1.2837 - Val loss: 1.6230
Epoch 269 - Train loss: 1.2841 - Val loss: 1.6183
Epoch 270 - Train loss: 1.2823 - Val loss: 1.6294
Epoch 271 - Train loss: 1.2823 - Val loss: 1.6236
Epoch 272 - Train loss: 1.2883 - Val loss: 1.6100
Epoch 273 - Train loss: 1.2792 - Val loss: 1.6252
Epoch 274 - Train loss: 1.2760 - Val loss: 1.6243
Epoch 275 - Train loss: 1.2783 - Val loss: 1.6167
Epoch 276 - Train loss: 1.2813 - Val loss: 1.6193
Epoch 277 - Train loss: 1.2715 - Val loss: 1.6114
Epoch 278 - Train loss: 1.2720 - Val loss: 1.6262
Epoch 279 - Train loss: 1.2833 - Val loss: 1.6191
Epoch 280 - Train loss: 1.2787 - Val loss: 1.6131
Epoch 281 - Train loss: 1.2816 - Val loss: 1.6355
Epoch 282 - Train loss: 1.2687 - Val loss: 1.6140
Epoch 283 - Train loss: 1.2740 - Val loss: 1.6120
Epoch 284 - Train loss: 1.2681 - Val loss: 1.6190
Epoch 285 - Train loss: 1.2725 - Val loss: 1.6074
Epoch 286 - Train loss: 1.2695 - Val loss: 1.6195
Epoch 287 - Train loss: 1.2722 - Val loss: 1.6225
Epoch 288 - Train loss: 1.2703 - Val loss: 1.6338
Epoch 289 - Train loss: 1.2676 - Val loss: 1.6200
Epoch 290 - Train loss: 1.2750 - Val loss: 1.6174
Epoch 291 - Train loss: 1.2674 - Val loss: 1.6293
Epoch 292 - Train loss: 1.2738 - Val loss: 1.6238
Epoch 293 - Train loss: 1.2623 - Val loss: 1.6162
Epoch 294 - Train loss: 1.2708 - Val loss: 1.6199
Epoch 295 - Train loss: 1.2631 - Val loss: 1.6369
Epoch 296 - Train loss: 1.2619 - Val loss: 1.6135
Epoch 297 - Train loss: 1.2586 - Val loss: 1.6263
Epoch 298 - Train loss: 1.2601 - Val loss: 1.6280
Epoch 299 - Train loss: 1.2680 - Val loss: 1.6193
Epoch 300 - Train loss: 1.2452 - Val loss: 1.6155
Epoch 301 - Train loss: 1.2422 - Val loss: 1.6160
Epoch 302 - Train loss: 1.2454 - Val loss: 1.6151
Epoch 303 - Train loss: 1.2382 - Val loss: 1.6159
Epoch 304 - Train loss: 1.2387 - Val loss: 1.6104
Epoch 305 - Train loss: 1.2378 - Val loss: 1.6108
Epoch 306 - Train loss: 1.2352 - Val loss: 1.6123
Epoch 307 - Train loss: 1.2378 - Val loss: 1.6129
Epoch 308 - Train loss: 1.2388 - Val loss: 1.6143
Epoch 309 - Train loss: 1.2378 - Val loss: 1.6110
Epoch 310 - Train loss: 1.2356 - Val loss: 1.6206
Epoch 311 - Train loss: 1.2363 - Val loss: 1.6154
Epoch 312 - Train loss: 1.2355 - Val loss: 1.6133
Epoch 313 - Train loss: 1.2365 - Val loss: 1.6176
Epoch 314 - Train loss: 1.2335 - Val loss: 1.6273
Epoch 315 - Train loss: 1.2316 - Val loss: 1.6176
Epoch 316 - Train loss: 1.2315 - Val loss: 1.6246
Epoch 317 - Train loss: 1.2373 - Val loss: 1.6219
Epoch 318 - Train loss: 1.2378 - Val loss: 1.6243
Epoch 319 - Train loss: 1.2326 - Val loss: 1.6201
Epoch 320 - Train loss: 1.2337 - Val loss: 1.6129
