Training : trf_ae_dv_ed.128_nl.8_nh.8_df.512_sl.10_ss.1_lr.0.001_bs.256
Saving datasets to D:\Projets\GoDaddy\dataset\pickle\all_dataset_10_1_True.pickle
Nb sequences : Train 90914 - Val 3135 - Test 25080
Launch training on cuda
Using encoder census data
Epoch 0 - Train loss: 19.6484 - Val loss: 5.4129
Saving best model
Epoch 1 - Train loss: 6.7695 - Val loss: 10.0083
Epoch 2 - Train loss: 5.7451 - Val loss: 6.6159
Epoch 3 - Train loss: 4.5814 - Val loss: 3.2430
Saving best model
Epoch 4 - Train loss: 4.0201 - Val loss: 4.2930
Epoch 5 - Train loss: 3.9712 - Val loss: 2.9679
Saving best model
Epoch 6 - Train loss: 3.6892 - Val loss: 4.7144
Epoch 7 - Train loss: 3.5854 - Val loss: 6.1508
Epoch 8 - Train loss: 3.4564 - Val loss: 2.4248
Saving best model
Epoch 9 - Train loss: 3.2235 - Val loss: 2.3456
Saving best model
Epoch 10 - Train loss: 3.0073 - Val loss: 2.3056
Saving best model
Epoch 11 - Train loss: 2.7820 - Val loss: 2.4662
Epoch 12 - Train loss: 2.9120 - Val loss: 3.1700
Epoch 13 - Train loss: 2.8346 - Val loss: 1.9359
Saving best model
Epoch 14 - Train loss: 2.7354 - Val loss: 2.5690
Epoch 15 - Train loss: 2.6962 - Val loss: 2.9821
Epoch 16 - Train loss: 2.6978 - Val loss: 2.6826
Epoch 17 - Train loss: 2.5622 - Val loss: 2.9627
Epoch 18 - Train loss: 2.6360 - Val loss: 2.5762
Epoch 19 - Train loss: 2.6533 - Val loss: 2.8037
Epoch 20 - Train loss: 2.6825 - Val loss: 2.6746
Epoch 21 - Train loss: 2.5021 - Val loss: 2.3518
Epoch 22 - Train loss: 2.5022 - Val loss: 2.1878
Epoch 23 - Train loss: 2.4692 - Val loss: 1.8448
Saving best model
Epoch 24 - Train loss: 2.2928 - Val loss: 2.1046
Epoch 25 - Train loss: 2.4587 - Val loss: 2.5672
Epoch 26 - Train loss: 2.4042 - Val loss: 2.7075
Epoch 27 - Train loss: 2.4096 - Val loss: 1.4763
Saving best model
Epoch 28 - Train loss: 2.2614 - Val loss: 1.5174
Epoch 29 - Train loss: 2.2766 - Val loss: 3.1632
Epoch 30 - Train loss: 2.3479 - Val loss: 2.1459
Epoch 31 - Train loss: 2.2181 - Val loss: 1.7599
Epoch 32 - Train loss: 2.2108 - Val loss: 2.6065
Epoch 33 - Train loss: 2.1478 - Val loss: 1.6626
Epoch 34 - Train loss: 2.2204 - Val loss: 2.9366
Epoch 35 - Train loss: 2.2886 - Val loss: 1.6091
Epoch 36 - Train loss: 2.1993 - Val loss: 1.6735
Epoch 37 - Train loss: 2.2097 - Val loss: 1.9892
Epoch 38 - Train loss: 2.2639 - Val loss: 1.8372
Epoch 39 - Train loss: 2.1329 - Val loss: 2.0906
Epoch 40 - Train loss: 2.1099 - Val loss: 1.6944
Epoch 41 - Train loss: 2.1517 - Val loss: 1.6087
Epoch 42 - Train loss: 2.1765 - Val loss: 2.5095
Epoch 43 - Train loss: 2.1868 - Val loss: 1.4732
Saving best model
Epoch 44 - Train loss: 2.0851 - Val loss: 2.9825
Epoch 45 - Train loss: 2.1810 - Val loss: 1.7615
Epoch 46 - Train loss: 2.0672 - Val loss: 1.8849
Epoch 47 - Train loss: 2.2741 - Val loss: 1.4317
Saving best model
Epoch 48 - Train loss: 2.0840 - Val loss: 1.5357
Epoch 49 - Train loss: 2.0499 - Val loss: 1.8958
Epoch 50 - Train loss: 1.8834 - Val loss: 1.4608
Epoch 51 - Train loss: 1.8884 - Val loss: 1.6701
Epoch 52 - Train loss: 1.8965 - Val loss: 1.5031
Epoch 53 - Train loss: 1.8861 - Val loss: 1.6258
Epoch 54 - Train loss: 1.9171 - Val loss: 1.3568
Saving best model
Epoch 55 - Train loss: 1.8834 - Val loss: 1.4355
Epoch 56 - Train loss: 1.9378 - Val loss: 1.5171
Epoch 57 - Train loss: 1.8774 - Val loss: 1.5182
Epoch 58 - Train loss: 1.9087 - Val loss: 1.3473
Saving best model
Epoch 59 - Train loss: 1.8819 - Val loss: 1.3498
Epoch 60 - Train loss: 1.9024 - Val loss: 1.3521
Epoch 61 - Train loss: 1.8954 - Val loss: 2.0459
Epoch 62 - Train loss: 1.8901 - Val loss: 1.4651
Epoch 63 - Train loss: 1.8794 - Val loss: 1.7142
Epoch 64 - Train loss: 1.8840 - Val loss: 1.5770
Epoch 65 - Train loss: 1.9054 - Val loss: 1.4205
Epoch 66 - Train loss: 1.9112 - Val loss: 1.3010
Saving best model
Epoch 67 - Train loss: 1.8928 - Val loss: 1.4094
Epoch 68 - Train loss: 1.8951 - Val loss: 1.3921
Epoch 69 - Train loss: 1.8743 - Val loss: 1.5179
Epoch 70 - Train loss: 1.8910 - Val loss: 1.5743
Epoch 71 - Train loss: 1.8739 - Val loss: 1.3185
Epoch 72 - Train loss: 1.8688 - Val loss: 1.4349
Epoch 73 - Train loss: 1.9114 - Val loss: 1.3222
Epoch 74 - Train loss: 1.8426 - Val loss: 1.3519
Epoch 75 - Train loss: 1.9797 - Val loss: 1.9326
Epoch 76 - Train loss: 1.9336 - Val loss: 1.6130
Epoch 77 - Train loss: 1.9058 - Val loss: 1.5119
Epoch 78 - Train loss: 1.8951 - Val loss: 1.4333
Epoch 79 - Train loss: 1.8717 - Val loss: 1.6042
Epoch 80 - Train loss: 1.8701 - Val loss: 1.4282
Epoch 81 - Train loss: 1.8904 - Val loss: 1.3540
Epoch 82 - Train loss: 1.8587 - Val loss: 1.5914
Epoch 83 - Train loss: 1.8624 - Val loss: 1.4259
Epoch 84 - Train loss: 1.8749 - Val loss: 1.5587
Epoch 85 - Train loss: 1.8726 - Val loss: 1.5974
Epoch 86 - Train loss: 1.8747 - Val loss: 1.3756
Epoch 87 - Train loss: 1.8711 - Val loss: 1.5301
Epoch 88 - Train loss: 1.8618 - Val loss: 1.4963
Epoch 89 - Train loss: 1.8963 - Val loss: 1.3694
Epoch 90 - Train loss: 1.8985 - Val loss: 1.4425
Epoch 91 - Train loss: 1.8705 - Val loss: 1.5537
Epoch 92 - Train loss: 1.9080 - Val loss: 1.4670
Epoch 93 - Train loss: 1.8787 - Val loss: 1.5644
Epoch 94 - Train loss: 1.8738 - Val loss: 1.3873
Epoch 95 - Train loss: 1.8782 - Val loss: 1.4757
Epoch 96 - Train loss: 1.8588 - Val loss: 1.4201
Epoch 97 - Train loss: 1.8563 - Val loss: 1.6973
Epoch 98 - Train loss: 1.8674 - Val loss: 1.8297
Epoch 99 - Train loss: 1.8780 - Val loss: 1.5829
Epoch 100 - Train loss: 1.7872 - Val loss: 1.3945
Epoch 101 - Train loss: 1.7721 - Val loss: 1.2896
Saving best model
Epoch 102 - Train loss: 1.7768 - Val loss: 1.2729
Saving best model
Epoch 103 - Train loss: 1.7673 - Val loss: 1.2318
Saving best model
Epoch 104 - Train loss: 1.7769 - Val loss: 1.2747
Epoch 105 - Train loss: 1.7843 - Val loss: 1.2057
Saving best model
Epoch 106 - Train loss: 1.7729 - Val loss: 1.4238
Epoch 107 - Train loss: 1.7801 - Val loss: 1.3134
Epoch 108 - Train loss: 1.7840 - Val loss: 1.2810
Epoch 109 - Train loss: 1.7916 - Val loss: 1.3025
Epoch 110 - Train loss: 1.7842 - Val loss: 1.3113
Epoch 111 - Train loss: 1.7818 - Val loss: 1.2900
Epoch 112 - Train loss: 1.7739 - Val loss: 1.3849
Epoch 113 - Train loss: 1.7846 - Val loss: 1.2441
Epoch 114 - Train loss: 1.7939 - Val loss: 1.4683
Epoch 115 - Train loss: 1.7941 - Val loss: 1.4314
Epoch 116 - Train loss: 1.7802 - Val loss: 1.3018
Epoch 117 - Train loss: 1.7871 - Val loss: 1.2950
Epoch 118 - Train loss: 1.7828 - Val loss: 1.3433
Epoch 119 - Train loss: 1.7675 - Val loss: 1.3287
Epoch 120 - Train loss: 1.7923 - Val loss: 1.3352
Epoch 121 - Train loss: 1.7730 - Val loss: 1.2357
Epoch 122 - Train loss: 1.7812 - Val loss: 1.4533
Epoch 123 - Train loss: 1.7788 - Val loss: 1.2953
Epoch 124 - Train loss: 1.7863 - Val loss: 1.3529
Epoch 125 - Train loss: 1.7722 - Val loss: 1.4426
Epoch 126 - Train loss: 1.7755 - Val loss: 1.3792
Epoch 127 - Train loss: 1.7838 - Val loss: 1.2885
Epoch 128 - Train loss: 1.7719 - Val loss: 1.3521
Epoch 129 - Train loss: 1.7740 - Val loss: 1.2666
Epoch 130 - Train loss: 1.7729 - Val loss: 1.3920
Epoch 131 - Train loss: 1.7798 - Val loss: 1.4191
Epoch 132 - Train loss: 1.7702 - Val loss: 1.3663
Epoch 133 - Train loss: 1.7642 - Val loss: 1.2926
Epoch 134 - Train loss: 1.7676 - Val loss: 1.2923
Epoch 135 - Train loss: 1.7691 - Val loss: 1.3647
Epoch 136 - Train loss: 1.7768 - Val loss: 1.3055
Epoch 137 - Train loss: 1.7696 - Val loss: 1.2600
Epoch 138 - Train loss: 1.7709 - Val loss: 1.2661
Epoch 139 - Train loss: 1.7748 - Val loss: 1.3070
Epoch 140 - Train loss: 1.7664 - Val loss: 1.2406
Epoch 141 - Train loss: 1.7692 - Val loss: 1.3693
Epoch 142 - Train loss: 1.7600 - Val loss: 1.2094
Epoch 143 - Train loss: 1.7657 - Val loss: 1.2764
Epoch 144 - Train loss: 1.7741 - Val loss: 1.2536
Epoch 145 - Train loss: 1.7605 - Val loss: 1.3617
Epoch 146 - Train loss: 1.7722 - Val loss: 1.3334
Epoch 147 - Train loss: 1.7759 - Val loss: 1.2536
Epoch 148 - Train loss: 1.7743 - Val loss: 1.3137
Epoch 149 - Train loss: 1.7574 - Val loss: 1.4522
Epoch 150 - Train loss: 1.7270 - Val loss: 1.2416
Epoch 151 - Train loss: 1.7220 - Val loss: 1.2258
Epoch 152 - Train loss: 1.7190 - Val loss: 1.2428
Epoch 153 - Train loss: 1.7218 - Val loss: 1.2477
Epoch 154 - Train loss: 1.7232 - Val loss: 1.2934
Epoch 155 - Train loss: 1.7296 - Val loss: 1.2481
Epoch 156 - Train loss: 1.7394 - Val loss: 1.2823
Epoch 157 - Train loss: 1.7259 - Val loss: 1.2794
Epoch 158 - Train loss: 1.7278 - Val loss: 1.2753
Epoch 159 - Train loss: 1.7276 - Val loss: 1.2587
