Loading existing config
Loading model state : D:\Projets\GoDaddy\logs/experiments\trf_ae_dv_ed.128_dce.2_nl.8_nh.8_df.1024_sl.20_ss.1_lr.0.0005_bs.32_do.0.0\trf_ae_dv_ed.128_dce.2_nl.8_nh.8_df.1024_sl.20_ss.1_lr.0.0005_bs.32_do.0.0.pt
Training : trf_ae_dv_ed.128_dce.2_nl.8_nh.8_df.1024_sl.20_ss.1_lr.0.0005_bs.32_do.0.0
Resuming from epoch 33
Loading datasets  from D:\Projets\GoDaddy\dataset\pickle\prepared_dataset_20_1_True.pickle
Nb sequences : Train 59564 - Val 3135 - Test 25080
Launch training on cuda
Using encoder census data
Setting lr to 3.2000000000000005e-05
Epoch 33 - Train loss: 1.4498 - Val loss: 1.2302
Epoch 34 - Train loss: 1.4478 - Val loss: 1.3295
Epoch 35 - Train loss: 1.4500 - Val loss: 1.2572
Epoch 36 - Train loss: 1.4476 - Val loss: 1.2250
Epoch 37 - Train loss: 1.4430 - Val loss: 1.1735
Saving best model
Epoch 38 - Train loss: 1.4467 - Val loss: 1.2208
Epoch 39 - Train loss: 1.4445 - Val loss: 1.2089
Epoch 40 - Train loss: 1.4447 - Val loss: 1.2715
Epoch 41 - Train loss: 1.4432 - Val loss: 1.2273
Epoch 42 - Train loss: 1.4474 - Val loss: 1.2020
Epoch 43 - Train loss: 1.4062 - Val loss: 1.1912
Epoch 44 - Train loss: 1.4065 - Val loss: 1.2720
Epoch 45 - Train loss: 1.4063 - Val loss: 1.2139
Epoch 46 - Train loss: 1.4047 - Val loss: 1.2019
Epoch 47 - Train loss: 1.4041 - Val loss: 1.2046
Epoch 48 - Train loss: 1.4042 - Val loss: 1.2426
Epoch 49 - Train loss: 1.4021 - Val loss: 1.1799
Epoch 50 - Train loss: 1.4021 - Val loss: 1.1959
Epoch 51 - Train loss: 1.4012 - Val loss: 1.2263
Epoch 52 - Train loss: 1.4035 - Val loss: 1.1815
Epoch 53 - Train loss: 1.3858 - Val loss: 1.1676
Saving best model
Epoch 54 - Train loss: 1.3853 - Val loss: 1.1622
Saving best model
Epoch 55 - Train loss: 1.3842 - Val loss: 1.2134
Epoch 56 - Train loss: 1.3858 - Val loss: 1.1886
Epoch 57 - Train loss: 1.3837 - Val loss: 1.1941
Epoch 58 - Train loss: 1.3838 - Val loss: 1.1923
Epoch 59 - Train loss: 1.3835 - Val loss: 1.2017
Epoch 60 - Train loss: 1.3830 - Val loss: 1.1857
Epoch 61 - Train loss: 1.3834 - Val loss: 1.1808
Epoch 62 - Train loss: 1.3827 - Val loss: 1.1864
Epoch 63 - Train loss: 1.3768 - Val loss: 1.1842
Epoch 64 - Train loss: 1.3760 - Val loss: 1.1944
Epoch 65 - Train loss: 1.3757 - Val loss: 1.1711
Epoch 66 - Train loss: 1.3756 - Val loss: 1.2015
Epoch 67 - Train loss: 1.3754 - Val loss: 1.1777
Epoch 68 - Train loss: 1.3752 - Val loss: 1.1732
Epoch 69 - Train loss: 1.3749 - Val loss: 1.1763
Epoch 70 - Train loss: 1.3749 - Val loss: 1.1764
Epoch 71 - Train loss: 1.3749 - Val loss: 1.1771
Epoch 72 - Train loss: 1.3745 - Val loss: 1.1723
