Training : trf_ae_dv_ed.128_dce.2_nl.8_nh.8_df.1024_sl.20_ss.1_lr.0.0005_bs.32_do.0.0
Saving datasets to D:\Projets\GoDaddy\dataset\pickle\prepared_dataset_20_1_True.pickle
Nb sequences : Train 59564 - Val 3135 - Test 25080
Launch training on cuda
Using encoder census data
Epoch 0 - Train loss: 200.0000 - Val loss: 200.0000
Saving best model
Epoch 1 - Train loss: 199.9028 - Val loss: 200.0000
Epoch 2 - Train loss: 200.0000 - Val loss: 200.0000
Epoch 3 - Train loss: 200.0000 - Val loss: 200.0000
Epoch 4 - Train loss: 200.0000 - Val loss: 200.0000
Epoch 5 - Train loss: 200.0000 - Val loss: 200.0000
Epoch 6 - Train loss: 200.0000 - Val loss: 200.0000
Epoch 7 - Train loss: 200.0000 - Val loss: 200.0000
Epoch 8 - Train loss: 200.0000 - Val loss: 200.0000
Epoch 9 - Train loss: 200.0000 - Val loss: 200.0000
Epoch 10 - Train loss: 200.0000 - Val loss: 200.0000
Epoch 11 - Train loss: 200.0000 - Val loss: 200.0000
Epoch 12 - Train loss: 200.0000 - Val loss: 200.0000
Epoch 13 - Train loss: 200.0000 - Val loss: 200.0000
Epoch 14 - Train loss: 200.0000 - Val loss: 200.0000
Epoch 15 - Train loss: 200.0000 - Val loss: 200.0000
Epoch 16 - Train loss: 200.0000 - Val loss: 200.0000
