Training : trf_ae_dv_ed.64_nl.8_nh.8_df.350_sl.30_ss.1_lr.0.001_bs.1024
Loading datasets  from D:\Projets\GoDaddy\dataset\pickle\all_dataset_30_1_True.pickle
Nb sequences : Train 25079 - Val 6270 - Test 25080
Launch training on cuda
Using encoder census data
Epoch 0 - Train loss: 57.0132 - Val loss: 38.2830
Saving best model
Epoch 1 - Train loss: 28.5829 - Val loss: 14.9088
Saving best model
Epoch 2 - Train loss: 13.4626 - Val loss: 19.9333
Epoch 3 - Train loss: 14.7990 - Val loss: 8.8707
Saving best model
Epoch 4 - Train loss: 9.0131 - Val loss: 6.9988
Saving best model
Epoch 5 - Train loss: 6.6465 - Val loss: 7.7060
Epoch 6 - Train loss: 9.4989 - Val loss: 7.1329
Epoch 7 - Train loss: 5.8503 - Val loss: 5.0599
Saving best model
Epoch 8 - Train loss: 9.7387 - Val loss: 7.8306
Epoch 9 - Train loss: 6.0841 - Val loss: 4.8394
Saving best model
Epoch 10 - Train loss: 7.8292 - Val loss: 8.2233
Epoch 11 - Train loss: 7.4045 - Val loss: 5.7496
Epoch 12 - Train loss: 5.6463 - Val loss: 6.5346
Epoch 13 - Train loss: 4.9583 - Val loss: 3.8853
Saving best model
Epoch 14 - Train loss: 4.9547 - Val loss: 3.3778
Saving best model
Epoch 15 - Train loss: 5.0041 - Val loss: 4.0574
Epoch 16 - Train loss: 4.1214 - Val loss: 3.7312
Epoch 17 - Train loss: 5.1817 - Val loss: 4.5283
Epoch 18 - Train loss: 4.9423 - Val loss: 5.2069
Epoch 19 - Train loss: 5.5158 - Val loss: 4.9331
Epoch 20 - Train loss: 4.6585 - Val loss: 3.2303
Saving best model
Epoch 21 - Train loss: 5.1099 - Val loss: 5.1179
Epoch 22 - Train loss: 4.1967 - Val loss: 3.3640
Epoch 23 - Train loss: 4.1202 - Val loss: 3.4077
Epoch 24 - Train loss: 3.2000 - Val loss: 2.4285
Saving best model
Epoch 25 - Train loss: 2.6221 - Val loss: 2.8177
Epoch 26 - Train loss: 3.2478 - Val loss: 3.8169
Epoch 27 - Train loss: 3.7864 - Val loss: 3.4170
Epoch 28 - Train loss: 3.7080 - Val loss: 5.9524
Epoch 29 - Train loss: 3.8573 - Val loss: 2.6604
Epoch 30 - Train loss: 3.4129 - Val loss: 2.9233
Epoch 31 - Train loss: 3.0474 - Val loss: 5.0031
Epoch 32 - Train loss: 3.0000 - Val loss: 2.3480
Saving best model
Epoch 33 - Train loss: 3.7679 - Val loss: 5.8588
Epoch 34 - Train loss: 3.6836 - Val loss: 3.1191
Epoch 35 - Train loss: 2.5421 - Val loss: 2.2561
Saving best model
Epoch 36 - Train loss: 2.4119 - Val loss: 2.7824
Epoch 37 - Train loss: 2.8501 - Val loss: 2.0759
Saving best model
Epoch 38 - Train loss: 1.9478 - Val loss: 2.1399
Epoch 39 - Train loss: 1.8089 - Val loss: 1.8728
Saving best model
Epoch 40 - Train loss: 1.7436 - Val loss: 1.8739
Epoch 41 - Train loss: 1.6896 - Val loss: 1.8957
Epoch 42 - Train loss: 1.7471 - Val loss: 2.1939
Epoch 43 - Train loss: 1.9439 - Val loss: 1.9162
Epoch 44 - Train loss: 1.7605 - Val loss: 1.7376
Saving best model
Epoch 45 - Train loss: 1.6685 - Val loss: 1.7705
Epoch 46 - Train loss: 1.7753 - Val loss: 1.9423
Epoch 47 - Train loss: 2.1010 - Val loss: 1.7739
Epoch 48 - Train loss: 1.6155 - Val loss: 1.7011
Saving best model
Epoch 49 - Train loss: 1.6014 - Val loss: 1.7082
Epoch 50 - Train loss: 1.5968 - Val loss: 1.6790
Saving best model
Epoch 51 - Train loss: 1.5853 - Val loss: 1.7569
Epoch 52 - Train loss: 1.6300 - Val loss: 1.6877
Epoch 53 - Train loss: 1.5928 - Val loss: 1.7467
Epoch 54 - Train loss: 1.6336 - Val loss: 1.7200
Epoch 55 - Train loss: 1.6272 - Val loss: 1.7390
Epoch 56 - Train loss: 1.5969 - Val loss: 1.6871
Epoch 57 - Train loss: 1.5911 - Val loss: 1.7250
Epoch 58 - Train loss: 1.5770 - Val loss: 1.6936
Epoch 59 - Train loss: 1.5868 - Val loss: 1.7025
Epoch 60 - Train loss: 1.5599 - Val loss: 1.7104
Epoch 61 - Train loss: 1.5772 - Val loss: 1.6774
Saving best model
Epoch 62 - Train loss: 1.5750 - Val loss: 1.7289
Epoch 63 - Train loss: 1.5421 - Val loss: 1.6761
Saving best model
Epoch 64 - Train loss: 1.5357 - Val loss: 1.6662
Saving best model
Epoch 65 - Train loss: 1.5366 - Val loss: 1.6967
Epoch 66 - Train loss: 1.5319 - Val loss: 1.6820
Epoch 67 - Train loss: 1.5511 - Val loss: 1.6674
Epoch 68 - Train loss: 1.5330 - Val loss: 1.6657
Saving best model
Epoch 69 - Train loss: 1.5399 - Val loss: 1.6678
Epoch 70 - Train loss: 1.5417 - Val loss: 1.6664
Epoch 71 - Train loss: 1.5293 - Val loss: 1.6559
Saving best model
Epoch 72 - Train loss: 1.5216 - Val loss: 1.6612
Epoch 73 - Train loss: 1.5305 - Val loss: 1.6465
Saving best model
Epoch 74 - Train loss: 1.5250 - Val loss: 1.6519
Epoch 75 - Train loss: 1.5161 - Val loss: 1.6510
Epoch 76 - Train loss: 1.5236 - Val loss: 1.6725
Epoch 77 - Train loss: 1.5306 - Val loss: 1.6495
Epoch 78 - Train loss: 1.5167 - Val loss: 1.6441
Saving best model
Epoch 79 - Train loss: 1.5184 - Val loss: 1.6436
Saving best model
Epoch 80 - Train loss: 1.5163 - Val loss: 1.6436
Epoch 81 - Train loss: 1.5267 - Val loss: 1.6493
Epoch 82 - Train loss: 1.5219 - Val loss: 1.6393
Saving best model
Epoch 83 - Train loss: 1.5088 - Val loss: 1.6388
Saving best model
Epoch 84 - Train loss: 1.5143 - Val loss: 1.6452
Epoch 85 - Train loss: 1.5128 - Val loss: 1.6393
Epoch 86 - Train loss: 1.5114 - Val loss: 1.6371
Saving best model
Epoch 87 - Train loss: 1.5058 - Val loss: 1.6516
Epoch 88 - Train loss: 1.5129 - Val loss: 1.6448
Epoch 89 - Train loss: 1.5226 - Val loss: 1.6487
Epoch 90 - Train loss: 1.5082 - Val loss: 1.6425
Epoch 91 - Train loss: 1.5049 - Val loss: 1.6403
Epoch 92 - Train loss: 1.5053 - Val loss: 1.6357
Saving best model
Epoch 93 - Train loss: 1.5062 - Val loss: 1.6375
Epoch 94 - Train loss: 1.5019 - Val loss: 1.6424
Epoch 95 - Train loss: 1.5056 - Val loss: 1.6338
Saving best model
Epoch 96 - Train loss: 1.5046 - Val loss: 1.6361
Epoch 97 - Train loss: 1.5039 - Val loss: 1.6347
Epoch 98 - Train loss: 1.5178 - Val loss: 1.6377
Epoch 99 - Train loss: 1.5039 - Val loss: 1.6366
Epoch 100 - Train loss: 1.5041 - Val loss: 1.6375
Epoch 101 - Train loss: 1.5008 - Val loss: 1.6372
Epoch 102 - Train loss: 1.5100 - Val loss: 1.6356
Epoch 103 - Train loss: 1.5000 - Val loss: 1.6365
Epoch 104 - Train loss: 1.5053 - Val loss: 1.6356
Epoch 105 - Train loss: 1.5012 - Val loss: 1.6350
Epoch 106 - Train loss: 1.5029 - Val loss: 1.6357
Epoch 107 - Train loss: 1.5025 - Val loss: 1.6340
Epoch 108 - Train loss: 1.5071 - Val loss: 1.6338
Epoch 109 - Train loss: 1.5015 - Val loss: 1.6381
Epoch 110 - Train loss: 1.5053 - Val loss: 1.6360
Epoch 111 - Train loss: 1.5012 - Val loss: 1.6341
Epoch 112 - Train loss: 1.4991 - Val loss: 1.6399
Epoch 113 - Train loss: 1.5086 - Val loss: 1.6365
Epoch 114 - Train loss: 1.5119 - Val loss: 1.6365
Epoch 115 - Train loss: 1.5048 - Val loss: 1.6342
Epoch 116 - Train loss: 1.5008 - Val loss: 1.6343
Epoch 117 - Train loss: 1.5037 - Val loss: 1.6326
Saving best model
Epoch 118 - Train loss: 1.5074 - Val loss: 1.6342
Epoch 119 - Train loss: 1.5030 - Val loss: 1.6327
Epoch 120 - Train loss: 1.5008 - Val loss: 1.6345
Epoch 121 - Train loss: 1.5137 - Val loss: 1.6366
Epoch 122 - Train loss: 1.4993 - Val loss: 1.6401
Epoch 123 - Train loss: 1.5025 - Val loss: 1.6337
Epoch 124 - Train loss: 1.5001 - Val loss: 1.6407
Epoch 125 - Train loss: 1.5034 - Val loss: 1.6383
Epoch 126 - Train loss: 1.5034 - Val loss: 1.6331
Epoch 127 - Train loss: 1.5043 - Val loss: 1.6351
Epoch 128 - Train loss: 1.4999 - Val loss: 1.6323
Saving best model
Epoch 129 - Train loss: 1.4994 - Val loss: 1.6321
Saving best model
Epoch 130 - Train loss: 1.5004 - Val loss: 1.6355
Epoch 131 - Train loss: 1.5016 - Val loss: 1.6353
Epoch 132 - Train loss: 1.5077 - Val loss: 1.6305
Saving best model
Epoch 133 - Train loss: 1.4973 - Val loss: 1.6338
Epoch 134 - Train loss: 1.5036 - Val loss: 1.6345
Epoch 135 - Train loss: 1.5064 - Val loss: 1.6380
Epoch 136 - Train loss: 1.4967 - Val loss: 1.6359
Epoch 137 - Train loss: 1.5017 - Val loss: 1.6352
Epoch 138 - Train loss: 1.5088 - Val loss: 1.6355
Epoch 139 - Train loss: 1.5008 - Val loss: 1.6329
Epoch 140 - Train loss: 1.5027 - Val loss: 1.6358
Epoch 141 - Train loss: 1.5028 - Val loss: 1.6346
Epoch 142 - Train loss: 1.4974 - Val loss: 1.6323
Epoch 143 - Train loss: 1.4971 - Val loss: 1.6343
Epoch 144 - Train loss: 1.5052 - Val loss: 1.6302
Saving best model
Epoch 145 - Train loss: 1.5047 - Val loss: 1.6326
Epoch 146 - Train loss: 1.4995 - Val loss: 1.6359
Epoch 147 - Train loss: 1.5027 - Val loss: 1.6329
Epoch 148 - Train loss: 1.5002 - Val loss: 1.6334
Epoch 149 - Train loss: 1.5145 - Val loss: 1.6324
Epoch 150 - Train loss: 1.5039 - Val loss: 1.6458
Epoch 151 - Train loss: 1.5125 - Val loss: 1.6344
Epoch 152 - Train loss: 1.5016 - Val loss: 1.6422
Epoch 153 - Train loss: 1.5067 - Val loss: 1.6407
Epoch 154 - Train loss: 1.5049 - Val loss: 1.6364
Epoch 155 - Train loss: 1.4985 - Val loss: 1.6320
Epoch 156 - Train loss: 1.5008 - Val loss: 1.6334
Epoch 157 - Train loss: 1.5080 - Val loss: 1.6299
Saving best model
Epoch 158 - Train loss: 1.5070 - Val loss: 1.6364
Epoch 159 - Train loss: 1.5040 - Val loss: 1.6339
Epoch 160 - Train loss: 1.5045 - Val loss: 1.6286
Saving best model
Epoch 161 - Train loss: 1.4989 - Val loss: 1.6352
Epoch 162 - Train loss: 1.5017 - Val loss: 1.6323
Epoch 163 - Train loss: 1.5017 - Val loss: 1.6324
Epoch 164 - Train loss: 1.5029 - Val loss: 1.6325
Epoch 165 - Train loss: 1.4975 - Val loss: 1.6312
Epoch 166 - Train loss: 1.4962 - Val loss: 1.6374
Epoch 167 - Train loss: 1.5009 - Val loss: 1.6314
Epoch 168 - Train loss: 1.5097 - Val loss: 1.6298
Epoch 169 - Train loss: 1.4972 - Val loss: 1.6301
Epoch 170 - Train loss: 1.5045 - Val loss: 1.6298
Epoch 171 - Train loss: 1.5008 - Val loss: 1.6349
Epoch 172 - Train loss: 1.5012 - Val loss: 1.6318
Epoch 173 - Train loss: 1.4996 - Val loss: 1.6347
Epoch 174 - Train loss: 1.4998 - Val loss: 1.6439
Epoch 175 - Train loss: 1.5090 - Val loss: 1.6304
Epoch 176 - Train loss: 1.5035 - Val loss: 1.6328
Epoch 177 - Train loss: 1.5081 - Val loss: 1.6294
Epoch 178 - Train loss: 1.5002 - Val loss: 1.6291
Epoch 179 - Train loss: 1.4955 - Val loss: 1.6309
Epoch 180 - Train loss: 1.4983 - Val loss: 1.6303
Epoch 181 - Train loss: 1.4972 - Val loss: 1.6353
Epoch 182 - Train loss: 1.5070 - Val loss: 1.6440
Epoch 183 - Train loss: 1.5056 - Val loss: 1.6337
Epoch 184 - Train loss: 1.5141 - Val loss: 1.6343
Epoch 185 - Train loss: 1.5025 - Val loss: 1.6306
Epoch 186 - Train loss: 1.4955 - Val loss: 1.6328
Epoch 187 - Train loss: 1.5011 - Val loss: 1.6309
Epoch 188 - Train loss: 1.4990 - Val loss: 1.6309
Epoch 189 - Train loss: 1.5006 - Val loss: 1.6275
Saving best model
Epoch 190 - Train loss: 1.4938 - Val loss: 1.6334
Epoch 191 - Train loss: 1.5036 - Val loss: 1.6307
Epoch 192 - Train loss: 1.4969 - Val loss: 1.6315
Epoch 193 - Train loss: 1.4973 - Val loss: 1.6318
Epoch 194 - Train loss: 1.5069 - Val loss: 1.6329
Epoch 195 - Train loss: 1.5069 - Val loss: 1.6297
Epoch 196 - Train loss: 1.5034 - Val loss: 1.6481
Epoch 197 - Train loss: 1.5069 - Val loss: 1.6270
Saving best model
Epoch 198 - Train loss: 1.5030 - Val loss: 1.6388
Epoch 199 - Train loss: 1.5015 - Val loss: 1.6304
Epoch 200 - Train loss: 1.5013 - Val loss: 1.6319
Epoch 201 - Train loss: 1.5012 - Val loss: 1.6346
Epoch 202 - Train loss: 1.4981 - Val loss: 1.6315
Epoch 203 - Train loss: 1.5077 - Val loss: 1.6295
Epoch 204 - Train loss: 1.5004 - Val loss: 1.6286
Epoch 205 - Train loss: 1.4970 - Val loss: 1.6298
Epoch 206 - Train loss: 1.5020 - Val loss: 1.6426
Epoch 207 - Train loss: 1.4970 - Val loss: 1.6302
Epoch 208 - Train loss: 1.4998 - Val loss: 1.6355
Epoch 209 - Train loss: 1.5040 - Val loss: 1.6329
Epoch 210 - Train loss: 1.4959 - Val loss: 1.6265
Saving best model
Epoch 211 - Train loss: 1.5000 - Val loss: 1.6294
Epoch 212 - Train loss: 1.4984 - Val loss: 1.6338
Epoch 213 - Train loss: 1.5003 - Val loss: 1.6269
Epoch 214 - Train loss: 1.4982 - Val loss: 1.6361
Epoch 215 - Train loss: 1.5076 - Val loss: 1.6280
Epoch 216 - Train loss: 1.4987 - Val loss: 1.6311
Epoch 217 - Train loss: 1.4944 - Val loss: 1.6323
Epoch 218 - Train loss: 1.4993 - Val loss: 1.6256
Saving best model
Epoch 219 - Train loss: 1.4966 - Val loss: 1.6370
Epoch 220 - Train loss: 1.5099 - Val loss: 1.6351
Epoch 221 - Train loss: 1.4958 - Val loss: 1.6274
Epoch 222 - Train loss: 1.5039 - Val loss: 1.6361
Epoch 223 - Train loss: 1.4991 - Val loss: 1.6282
Epoch 224 - Train loss: 1.4963 - Val loss: 1.6279
Epoch 225 - Train loss: 1.4948 - Val loss: 1.6300
Epoch 226 - Train loss: 1.4918 - Val loss: 1.6267
Epoch 227 - Train loss: 1.4973 - Val loss: 1.6293
Epoch 228 - Train loss: 1.4975 - Val loss: 1.6271
Epoch 229 - Train loss: 1.4972 - Val loss: 1.6290
Epoch 230 - Train loss: 1.4989 - Val loss: 1.6420
Epoch 231 - Train loss: 1.5013 - Val loss: 1.6301
Epoch 232 - Train loss: 1.4930 - Val loss: 1.6382
Epoch 233 - Train loss: 1.5048 - Val loss: 1.6297
Epoch 234 - Train loss: 1.4930 - Val loss: 1.6307
Epoch 235 - Train loss: 1.4913 - Val loss: 1.6326
Epoch 236 - Train loss: 1.4949 - Val loss: 1.6356
Epoch 237 - Train loss: 1.4989 - Val loss: 1.6261
Epoch 238 - Train loss: 1.4958 - Val loss: 1.6333
Epoch 239 - Train loss: 1.5051 - Val loss: 1.6341
Epoch 240 - Train loss: 1.4977 - Val loss: 1.6265
Epoch 241 - Train loss: 1.4928 - Val loss: 1.6292
Epoch 242 - Train loss: 1.5034 - Val loss: 1.6250
Saving best model
Epoch 243 - Train loss: 1.4987 - Val loss: 1.6263
Epoch 244 - Train loss: 1.4957 - Val loss: 1.6264
Epoch 245 - Train loss: 1.4914 - Val loss: 1.6278
Epoch 246 - Train loss: 1.4948 - Val loss: 1.6245
Saving best model
Epoch 247 - Train loss: 1.4899 - Val loss: 1.6290
Epoch 248 - Train loss: 1.5145 - Val loss: 1.6263
Epoch 249 - Train loss: 1.4926 - Val loss: 1.6291
Epoch 250 - Train loss: 1.4929 - Val loss: 1.6249
Epoch 251 - Train loss: 1.4956 - Val loss: 1.6236
Saving best model
Epoch 252 - Train loss: 1.4944 - Val loss: 1.6302
Epoch 253 - Train loss: 1.4969 - Val loss: 1.6254
Epoch 254 - Train loss: 1.4961 - Val loss: 1.6250
Epoch 255 - Train loss: 1.4956 - Val loss: 1.6251
Epoch 256 - Train loss: 1.4936 - Val loss: 1.6282
Epoch 257 - Train loss: 1.4925 - Val loss: 1.6261
Epoch 258 - Train loss: 1.4961 - Val loss: 1.6287
Epoch 259 - Train loss: 1.4976 - Val loss: 1.6411
Epoch 260 - Train loss: 1.4983 - Val loss: 1.6310
Epoch 261 - Train loss: 1.4974 - Val loss: 1.6261
Epoch 262 - Train loss: 1.4969 - Val loss: 1.6291
Epoch 263 - Train loss: 1.4928 - Val loss: 1.6289
Epoch 264 - Train loss: 1.4997 - Val loss: 1.6282
Epoch 265 - Train loss: 1.4946 - Val loss: 1.6246
Epoch 266 - Train loss: 1.5029 - Val loss: 1.6279
Epoch 267 - Train loss: 1.4913 - Val loss: 1.6234
Saving best model
Epoch 268 - Train loss: 1.4977 - Val loss: 1.6322
Epoch 269 - Train loss: 1.4986 - Val loss: 1.6281
Epoch 270 - Train loss: 1.4938 - Val loss: 1.6279
Epoch 271 - Train loss: 1.4892 - Val loss: 1.6302
Epoch 272 - Train loss: 1.4976 - Val loss: 1.6245
Epoch 273 - Train loss: 1.4889 - Val loss: 1.6226
Saving best model
Epoch 274 - Train loss: 1.4916 - Val loss: 1.6309
Epoch 275 - Train loss: 1.5018 - Val loss: 1.6292
Epoch 276 - Train loss: 1.4989 - Val loss: 1.6305
Epoch 277 - Train loss: 1.5058 - Val loss: 1.6308
Epoch 278 - Train loss: 1.5005 - Val loss: 1.6331
Epoch 279 - Train loss: 1.4911 - Val loss: 1.6264
Epoch 280 - Train loss: 1.4941 - Val loss: 1.6243
Epoch 281 - Train loss: 1.4951 - Val loss: 1.6244
Epoch 282 - Train loss: 1.4952 - Val loss: 1.6258
Epoch 283 - Train loss: 1.4944 - Val loss: 1.6260
Epoch 284 - Train loss: 1.4917 - Val loss: 1.6293
Epoch 285 - Train loss: 1.4916 - Val loss: 1.6381
Epoch 286 - Train loss: 1.5007 - Val loss: 1.6265
Epoch 287 - Train loss: 1.4965 - Val loss: 1.6259
Epoch 288 - Train loss: 1.4879 - Val loss: 1.6300
Epoch 289 - Train loss: 1.4909 - Val loss: 1.6270
Epoch 290 - Train loss: 1.4925 - Val loss: 1.6233
Epoch 291 - Train loss: 1.4951 - Val loss: 1.6386
Epoch 292 - Train loss: 1.4919 - Val loss: 1.6276
Epoch 293 - Train loss: 1.4931 - Val loss: 1.6349
Epoch 294 - Train loss: 1.4932 - Val loss: 1.6297
Epoch 295 - Train loss: 1.4953 - Val loss: 1.6358
Epoch 296 - Train loss: 1.5060 - Val loss: 1.6263
Epoch 297 - Train loss: 1.4933 - Val loss: 1.6290
Epoch 298 - Train loss: 1.4953 - Val loss: 1.6288
Epoch 299 - Train loss: 1.4924 - Val loss: 1.6255
Epoch 300 - Train loss: 1.4890 - Val loss: 1.6241
Epoch 301 - Train loss: 1.4999 - Val loss: 1.6313
Epoch 302 - Train loss: 1.4893 - Val loss: 1.6266
Epoch 303 - Train loss: 1.4905 - Val loss: 1.6349
Epoch 304 - Train loss: 1.4926 - Val loss: 1.6316
Epoch 305 - Train loss: 1.4931 - Val loss: 1.6209
Saving best model
Epoch 306 - Train loss: 1.4926 - Val loss: 1.6242
Epoch 307 - Train loss: 1.4872 - Val loss: 1.6267
Epoch 308 - Train loss: 1.4971 - Val loss: 1.6251
Epoch 309 - Train loss: 1.5140 - Val loss: 1.6306
Epoch 310 - Train loss: 1.5049 - Val loss: 1.6359
Epoch 311 - Train loss: 1.4977 - Val loss: 1.6382
Epoch 312 - Train loss: 1.5037 - Val loss: 1.6253
Epoch 313 - Train loss: 1.4860 - Val loss: 1.6237
Epoch 314 - Train loss: 1.4881 - Val loss: 1.6328
Epoch 315 - Train loss: 1.4924 - Val loss: 1.6237
Epoch 316 - Train loss: 1.4921 - Val loss: 1.6273
Epoch 317 - Train loss: 1.4885 - Val loss: 1.6209
Epoch 318 - Train loss: 1.4894 - Val loss: 1.6218
Epoch 319 - Train loss: 1.4968 - Val loss: 1.6277
Epoch 320 - Train loss: 1.4874 - Val loss: 1.6303
Epoch 321 - Train loss: 1.4950 - Val loss: 1.6202
Saving best model
Epoch 322 - Train loss: 1.4922 - Val loss: 1.6286
Epoch 323 - Train loss: 1.4922 - Val loss: 1.6196
Saving best model
Epoch 324 - Train loss: 1.4900 - Val loss: 1.6235
Epoch 325 - Train loss: 1.4878 - Val loss: 1.6233
Epoch 326 - Train loss: 1.4920 - Val loss: 1.6321
Epoch 327 - Train loss: 1.4873 - Val loss: 1.6272
Epoch 328 - Train loss: 1.4946 - Val loss: 1.6264
Epoch 329 - Train loss: 1.4908 - Val loss: 1.6351
Epoch 330 - Train loss: 1.4936 - Val loss: 1.6276
Epoch 331 - Train loss: 1.4847 - Val loss: 1.6231
Epoch 332 - Train loss: 1.4853 - Val loss: 1.6278
Epoch 333 - Train loss: 1.4900 - Val loss: 1.6214
Epoch 334 - Train loss: 1.4939 - Val loss: 1.6261
Epoch 335 - Train loss: 1.4926 - Val loss: 1.6241
Epoch 336 - Train loss: 1.4907 - Val loss: 1.6311
Epoch 337 - Train loss: 1.4944 - Val loss: 1.6308
Epoch 338 - Train loss: 1.4945 - Val loss: 1.6253
Epoch 339 - Train loss: 1.4913 - Val loss: 1.6241
Epoch 340 - Train loss: 1.4886 - Val loss: 1.6231
Epoch 341 - Train loss: 1.4922 - Val loss: 1.6204
Epoch 342 - Train loss: 1.4885 - Val loss: 1.6215
Epoch 343 - Train loss: 1.4934 - Val loss: 1.6217
Epoch 344 - Train loss: 1.4840 - Val loss: 1.6227
Epoch 345 - Train loss: 1.4923 - Val loss: 1.6200
Epoch 346 - Train loss: 1.4917 - Val loss: 1.6189
Saving best model
Epoch 347 - Train loss: 1.4891 - Val loss: 1.6257
Epoch 348 - Train loss: 1.4925 - Val loss: 1.6195
Epoch 349 - Train loss: 1.4888 - Val loss: 1.6266
Epoch 350 - Train loss: 1.4879 - Val loss: 1.6269
Epoch 351 - Train loss: 1.4960 - Val loss: 1.6322
Epoch 352 - Train loss: 1.4919 - Val loss: 1.6320
Epoch 353 - Train loss: 1.4930 - Val loss: 1.6225
Epoch 354 - Train loss: 1.4949 - Val loss: 1.6214
Epoch 355 - Train loss: 1.4876 - Val loss: 1.6198
Epoch 356 - Train loss: 1.4868 - Val loss: 1.6241
Epoch 357 - Train loss: 1.4855 - Val loss: 1.6258
Epoch 358 - Train loss: 1.4886 - Val loss: 1.6235
Epoch 359 - Train loss: 1.4860 - Val loss: 1.6255
Epoch 360 - Train loss: 1.4939 - Val loss: 1.6233
Epoch 361 - Train loss: 1.4904 - Val loss: 1.6291
Epoch 362 - Train loss: 1.5041 - Val loss: 1.6200
Epoch 363 - Train loss: 1.5066 - Val loss: 1.6204
Epoch 364 - Train loss: 1.4881 - Val loss: 1.6293
Epoch 365 - Train loss: 1.5042 - Val loss: 1.6185
Saving best model
Epoch 366 - Train loss: 1.4919 - Val loss: 1.6190
Epoch 367 - Train loss: 1.4853 - Val loss: 1.6192
Epoch 368 - Train loss: 1.4833 - Val loss: 1.6252
Epoch 369 - Train loss: 1.4890 - Val loss: 1.6249
Epoch 370 - Train loss: 1.4928 - Val loss: 1.6276
Epoch 371 - Train loss: 1.4890 - Val loss: 1.6258
Epoch 372 - Train loss: 1.4876 - Val loss: 1.6168
Saving best model
Epoch 373 - Train loss: 1.4962 - Val loss: 1.6220
Epoch 374 - Train loss: 1.4871 - Val loss: 1.6236
Epoch 375 - Train loss: 1.4948 - Val loss: 1.6258
Epoch 376 - Train loss: 1.4931 - Val loss: 1.6204
Epoch 377 - Train loss: 1.4874 - Val loss: 1.6266
Epoch 378 - Train loss: 1.4914 - Val loss: 1.6349
Epoch 379 - Train loss: 1.4989 - Val loss: 1.6221
Epoch 380 - Train loss: 1.4831 - Val loss: 1.6202
Epoch 381 - Train loss: 1.4914 - Val loss: 1.6249
Epoch 382 - Train loss: 1.4830 - Val loss: 1.6277
Epoch 383 - Train loss: 1.4965 - Val loss: 1.6261
Epoch 384 - Train loss: 1.4888 - Val loss: 1.6276
Epoch 385 - Train loss: 1.4944 - Val loss: 1.6195
Epoch 386 - Train loss: 1.4937 - Val loss: 1.6212
Epoch 387 - Train loss: 1.4857 - Val loss: 1.6263
Epoch 388 - Train loss: 1.4823 - Val loss: 1.6246
Epoch 389 - Train loss: 1.4858 - Val loss: 1.6247
Epoch 390 - Train loss: 1.4869 - Val loss: 1.6275
Epoch 391 - Train loss: 1.4849 - Val loss: 1.6192
Epoch 392 - Train loss: 1.4915 - Val loss: 1.6253
Epoch 393 - Train loss: 1.4866 - Val loss: 1.6224
Epoch 394 - Train loss: 1.4794 - Val loss: 1.6215
Epoch 395 - Train loss: 1.4869 - Val loss: 1.6298
Epoch 396 - Train loss: 1.4968 - Val loss: 1.6272
Epoch 397 - Train loss: 1.4823 - Val loss: 1.6201
Epoch 398 - Train loss: 1.4817 - Val loss: 1.6220
Epoch 399 - Train loss: 1.4863 - Val loss: 1.6425
Epoch 400 - Train loss: 1.4979 - Val loss: 1.6273
Epoch 401 - Train loss: 1.4887 - Val loss: 1.6201
Epoch 402 - Train loss: 1.4861 - Val loss: 1.6236
Epoch 403 - Train loss: 1.4922 - Val loss: 1.6206
Epoch 404 - Train loss: 1.4875 - Val loss: 1.6222
Epoch 405 - Train loss: 1.4826 - Val loss: 1.6247
Epoch 406 - Train loss: 1.4829 - Val loss: 1.6220
Epoch 407 - Train loss: 1.4941 - Val loss: 1.6179
Epoch 408 - Train loss: 1.4849 - Val loss: 1.6294
Epoch 409 - Train loss: 1.4885 - Val loss: 1.6225
Epoch 410 - Train loss: 1.4914 - Val loss: 1.6200
Epoch 411 - Train loss: 1.4850 - Val loss: 1.6151
Saving best model
Epoch 412 - Train loss: 1.4853 - Val loss: 1.6232
Epoch 413 - Train loss: 1.4858 - Val loss: 1.6189
Epoch 414 - Train loss: 1.4829 - Val loss: 1.6169
Epoch 415 - Train loss: 1.4975 - Val loss: 1.6184
Epoch 416 - Train loss: 1.4923 - Val loss: 1.6335
Epoch 417 - Train loss: 1.4873 - Val loss: 1.6231
Epoch 418 - Train loss: 1.4861 - Val loss: 1.6176
Epoch 419 - Train loss: 1.4873 - Val loss: 1.6234
Epoch 420 - Train loss: 1.4830 - Val loss: 1.6241
Epoch 421 - Train loss: 1.4842 - Val loss: 1.6240
Epoch 422 - Train loss: 1.4931 - Val loss: 1.6170
Epoch 423 - Train loss: 1.4910 - Val loss: 1.6243
Epoch 424 - Train loss: 1.4882 - Val loss: 1.6157
Epoch 425 - Train loss: 1.4815 - Val loss: 1.6195
Epoch 426 - Train loss: 1.4882 - Val loss: 1.6253
Epoch 427 - Train loss: 1.4850 - Val loss: 1.6218
Epoch 428 - Train loss: 1.4823 - Val loss: 1.6270
Epoch 429 - Train loss: 1.4823 - Val loss: 1.6191
Epoch 430 - Train loss: 1.4767 - Val loss: 1.6176
Epoch 431 - Train loss: 1.4808 - Val loss: 1.6155
Epoch 432 - Train loss: 1.4784 - Val loss: 1.6276
Epoch 433 - Train loss: 1.4956 - Val loss: 1.6242
Epoch 434 - Train loss: 1.4840 - Val loss: 1.6183
Epoch 435 - Train loss: 1.4885 - Val loss: 1.6216
Epoch 436 - Train loss: 1.4894 - Val loss: 1.6184
Epoch 437 - Train loss: 1.4820 - Val loss: 1.6249
Epoch 438 - Train loss: 1.4859 - Val loss: 1.6161
Epoch 439 - Train loss: 1.4858 - Val loss: 1.6252
Epoch 440 - Train loss: 1.4856 - Val loss: 1.6209
Epoch 441 - Train loss: 1.4875 - Val loss: 1.6193
Epoch 442 - Train loss: 1.4839 - Val loss: 1.6288
Epoch 443 - Train loss: 1.4885 - Val loss: 1.6215
Epoch 444 - Train loss: 1.4822 - Val loss: 1.6169
Epoch 445 - Train loss: 1.4824 - Val loss: 1.6161
Epoch 446 - Train loss: 1.4850 - Val loss: 1.6199
Epoch 447 - Train loss: 1.4854 - Val loss: 1.6193
Epoch 448 - Train loss: 1.4905 - Val loss: 1.6224
Epoch 449 - Train loss: 1.4958 - Val loss: 1.6182
Epoch 450 - Train loss: 1.4898 - Val loss: 1.6168
Epoch 451 - Train loss: 1.4823 - Val loss: 1.6199
Epoch 452 - Train loss: 1.4858 - Val loss: 1.6173
Epoch 453 - Train loss: 1.4854 - Val loss: 1.6136
Saving best model
Epoch 454 - Train loss: 1.4769 - Val loss: 1.6163
Epoch 455 - Train loss: 1.4804 - Val loss: 1.6173
Epoch 456 - Train loss: 1.4867 - Val loss: 1.6227
Epoch 457 - Train loss: 1.4834 - Val loss: 1.6215
Epoch 458 - Train loss: 1.4888 - Val loss: 1.6158
Epoch 459 - Train loss: 1.4815 - Val loss: 1.6168
Epoch 460 - Train loss: 1.4851 - Val loss: 1.6177
Epoch 461 - Train loss: 1.4823 - Val loss: 1.6179
Epoch 462 - Train loss: 1.4910 - Val loss: 1.6223
Epoch 463 - Train loss: 1.4889 - Val loss: 1.6161
Epoch 464 - Train loss: 1.4832 - Val loss: 1.6195
Epoch 465 - Train loss: 1.4827 - Val loss: 1.6173
Epoch 466 - Train loss: 1.4804 - Val loss: 1.6190
Epoch 467 - Train loss: 1.4798 - Val loss: 1.6162
Epoch 468 - Train loss: 1.4855 - Val loss: 1.6147
Epoch 469 - Train loss: 1.4843 - Val loss: 1.6189
Epoch 470 - Train loss: 1.4890 - Val loss: 1.6193
Epoch 471 - Train loss: 1.4798 - Val loss: 1.6131
Saving best model
Epoch 472 - Train loss: 1.4873 - Val loss: 1.6225
Epoch 473 - Train loss: 1.4836 - Val loss: 1.6269
Epoch 474 - Train loss: 1.4938 - Val loss: 1.6235
Epoch 475 - Train loss: 1.4828 - Val loss: 1.6178
Epoch 476 - Train loss: 1.4791 - Val loss: 1.6173
Epoch 477 - Train loss: 1.4818 - Val loss: 1.6139
Epoch 478 - Train loss: 1.4783 - Val loss: 1.6227
Epoch 479 - Train loss: 1.4806 - Val loss: 1.6157
Epoch 480 - Train loss: 1.4858 - Val loss: 1.6236
Epoch 481 - Train loss: 1.4783 - Val loss: 1.6212
Epoch 482 - Train loss: 1.4818 - Val loss: 1.6212
Epoch 483 - Train loss: 1.4926 - Val loss: 1.6240
Epoch 484 - Train loss: 1.4822 - Val loss: 1.6190
Epoch 485 - Train loss: 1.4843 - Val loss: 1.6161
Epoch 486 - Train loss: 1.4938 - Val loss: 1.6171
Epoch 487 - Train loss: 1.4850 - Val loss: 1.6178
Epoch 488 - Train loss: 1.4823 - Val loss: 1.6161
Epoch 489 - Train loss: 1.4887 - Val loss: 1.6206
Epoch 490 - Train loss: 1.4838 - Val loss: 1.6118
Saving best model
Epoch 491 - Train loss: 1.4816 - Val loss: 1.6240
Epoch 492 - Train loss: 1.4797 - Val loss: 1.6173
Epoch 493 - Train loss: 1.4830 - Val loss: 1.6195
Epoch 494 - Train loss: 1.4776 - Val loss: 1.6162
Epoch 495 - Train loss: 1.4788 - Val loss: 1.6208
Epoch 496 - Train loss: 1.4830 - Val loss: 1.6150
Epoch 497 - Train loss: 1.4789 - Val loss: 1.6187
Epoch 498 - Train loss: 1.4790 - Val loss: 1.6167
Epoch 499 - Train loss: 1.4793 - Val loss: 1.6267
Epoch 500 - Train loss: 1.4768 - Val loss: 1.6162
Epoch 501 - Train loss: 1.4854 - Val loss: 1.6166
Epoch 502 - Train loss: 1.4843 - Val loss: 1.6254
Epoch 503 - Train loss: 1.4856 - Val loss: 1.6205
Epoch 504 - Train loss: 1.4789 - Val loss: 1.6135
Epoch 505 - Train loss: 1.4822 - Val loss: 1.6145
Epoch 506 - Train loss: 1.4817 - Val loss: 1.6193
Epoch 507 - Train loss: 1.4793 - Val loss: 1.6275
Epoch 508 - Train loss: 1.4803 - Val loss: 1.6160
Epoch 509 - Train loss: 1.4892 - Val loss: 1.6221
Epoch 510 - Train loss: 1.4796 - Val loss: 1.6262
Epoch 511 - Train loss: 1.4776 - Val loss: 1.6152
Epoch 512 - Train loss: 1.4894 - Val loss: 1.6188
Epoch 513 - Train loss: 1.4862 - Val loss: 1.6127
Epoch 514 - Train loss: 1.4715 - Val loss: 1.6168
Epoch 515 - Train loss: 1.4824 - Val loss: 1.6127
Epoch 516 - Train loss: 1.4883 - Val loss: 1.6238
Epoch 517 - Train loss: 1.4993 - Val loss: 1.6315
Epoch 518 - Train loss: 1.4934 - Val loss: 1.6201
Epoch 519 - Train loss: 1.4841 - Val loss: 1.6135
Epoch 520 - Train loss: 1.4847 - Val loss: 1.6229
Epoch 521 - Train loss: 1.4865 - Val loss: 1.6217
Epoch 522 - Train loss: 1.4824 - Val loss: 1.6213
Epoch 523 - Train loss: 1.4824 - Val loss: 1.6158
Epoch 524 - Train loss: 1.4808 - Val loss: 1.6140
Epoch 525 - Train loss: 1.4790 - Val loss: 1.6219
Epoch 526 - Train loss: 1.4817 - Val loss: 1.6168
Epoch 527 - Train loss: 1.4769 - Val loss: 1.6165
Epoch 528 - Train loss: 1.4745 - Val loss: 1.6134
Epoch 529 - Train loss: 1.4837 - Val loss: 1.6211
Epoch 530 - Train loss: 1.4870 - Val loss: 1.6286
Epoch 531 - Train loss: 1.4802 - Val loss: 1.6252
Epoch 532 - Train loss: 1.4848 - Val loss: 1.6133
Epoch 533 - Train loss: 1.4738 - Val loss: 1.6143
Epoch 534 - Train loss: 1.4842 - Val loss: 1.6141
Epoch 535 - Train loss: 1.4754 - Val loss: 1.6295
Epoch 536 - Train loss: 1.4814 - Val loss: 1.6154
Epoch 537 - Train loss: 1.4868 - Val loss: 1.6185
Epoch 538 - Train loss: 1.4761 - Val loss: 1.6156
Epoch 539 - Train loss: 1.4796 - Val loss: 1.6281
Epoch 540 - Train loss: 1.4897 - Val loss: 1.6133
Epoch 541 - Train loss: 1.4777 - Val loss: 1.6128
Epoch 542 - Train loss: 1.4749 - Val loss: 1.6176
Epoch 543 - Train loss: 1.4775 - Val loss: 1.6152
Epoch 544 - Train loss: 1.4888 - Val loss: 1.6174
Epoch 545 - Train loss: 1.4828 - Val loss: 1.6107
Saving best model
Epoch 546 - Train loss: 1.4796 - Val loss: 1.6159
Epoch 547 - Train loss: 1.4828 - Val loss: 1.6151
Epoch 548 - Train loss: 1.4725 - Val loss: 1.6131
Epoch 549 - Train loss: 1.4873 - Val loss: 1.6163
Epoch 550 - Train loss: 1.4773 - Val loss: 1.6215
Epoch 551 - Train loss: 1.4745 - Val loss: 1.6195
Epoch 552 - Train loss: 1.4780 - Val loss: 1.6180
Epoch 553 - Train loss: 1.4807 - Val loss: 1.6393
Epoch 554 - Train loss: 1.4915 - Val loss: 1.6264
Epoch 555 - Train loss: 1.4836 - Val loss: 1.6138
Epoch 556 - Train loss: 1.4747 - Val loss: 1.6144
Epoch 557 - Train loss: 1.4725 - Val loss: 1.6147
Epoch 558 - Train loss: 1.4718 - Val loss: 1.6130
Epoch 559 - Train loss: 1.4801 - Val loss: 1.6289
Epoch 560 - Train loss: 1.4755 - Val loss: 1.6179
Epoch 561 - Train loss: 1.4751 - Val loss: 1.6142
Epoch 562 - Train loss: 1.4779 - Val loss: 1.6197
Epoch 563 - Train loss: 1.4798 - Val loss: 1.6149
Epoch 564 - Train loss: 1.4778 - Val loss: 1.6199
Epoch 565 - Train loss: 1.4782 - Val loss: 1.6176
Epoch 566 - Train loss: 1.4730 - Val loss: 1.6159
Epoch 567 - Train loss: 1.4849 - Val loss: 1.6132
Epoch 568 - Train loss: 1.4769 - Val loss: 1.6127
Epoch 569 - Train loss: 1.4811 - Val loss: 1.6150
Epoch 570 - Train loss: 1.4732 - Val loss: 1.6165
Epoch 571 - Train loss: 1.4788 - Val loss: 1.6158
Epoch 572 - Train loss: 1.4828 - Val loss: 1.6200
Epoch 573 - Train loss: 1.4764 - Val loss: 1.6155
Epoch 574 - Train loss: 1.4816 - Val loss: 1.6138
Epoch 575 - Train loss: 1.4756 - Val loss: 1.6186
Epoch 576 - Train loss: 1.4739 - Val loss: 1.6169
Epoch 577 - Train loss: 1.4811 - Val loss: 1.6161
Epoch 578 - Train loss: 1.4786 - Val loss: 1.6160
Epoch 579 - Train loss: 1.4814 - Val loss: 1.6178
Epoch 580 - Train loss: 1.4781 - Val loss: 1.6099
Saving best model
Epoch 581 - Train loss: 1.4743 - Val loss: 1.6141
Epoch 582 - Train loss: 1.4753 - Val loss: 1.6134
Epoch 583 - Train loss: 1.4709 - Val loss: 1.6137
Epoch 584 - Train loss: 1.4735 - Val loss: 1.6110
Epoch 585 - Train loss: 1.4752 - Val loss: 1.6181
Epoch 586 - Train loss: 1.4757 - Val loss: 1.6265
Epoch 587 - Train loss: 1.4779 - Val loss: 1.6121
Epoch 588 - Train loss: 1.4824 - Val loss: 1.6171
Epoch 589 - Train loss: 1.4786 - Val loss: 1.6151
Epoch 590 - Train loss: 1.4797 - Val loss: 1.6154
Epoch 591 - Train loss: 1.4707 - Val loss: 1.6160
Epoch 592 - Train loss: 1.4723 - Val loss: 1.6151
Epoch 593 - Train loss: 1.4737 - Val loss: 1.6164
Epoch 594 - Train loss: 1.4783 - Val loss: 1.6155
Epoch 595 - Train loss: 1.4798 - Val loss: 1.6335
Epoch 596 - Train loss: 1.4953 - Val loss: 1.6169
Epoch 597 - Train loss: 1.4802 - Val loss: 1.6227
Epoch 598 - Train loss: 1.4770 - Val loss: 1.6158
Epoch 599 - Train loss: 1.4700 - Val loss: 1.6122
Epoch 600 - Train loss: 1.4812 - Val loss: 1.6221
Epoch 601 - Train loss: 1.4798 - Val loss: 1.6347
Epoch 602 - Train loss: 1.4821 - Val loss: 1.6160
Epoch 603 - Train loss: 1.4836 - Val loss: 1.6147
Epoch 604 - Train loss: 1.4759 - Val loss: 1.6195
Epoch 605 - Train loss: 1.4721 - Val loss: 1.6171
Epoch 606 - Train loss: 1.4828 - Val loss: 1.6259
Epoch 607 - Train loss: 1.4762 - Val loss: 1.6119
Epoch 608 - Train loss: 1.4735 - Val loss: 1.6191
Epoch 609 - Train loss: 1.4747 - Val loss: 1.6217
Epoch 610 - Train loss: 1.4734 - Val loss: 1.6140
Epoch 611 - Train loss: 1.4772 - Val loss: 1.6286
Epoch 612 - Train loss: 1.4768 - Val loss: 1.6163
Epoch 613 - Train loss: 1.4848 - Val loss: 1.6150
Epoch 614 - Train loss: 1.4711 - Val loss: 1.6183
Epoch 615 - Train loss: 1.4800 - Val loss: 1.6187
Epoch 616 - Train loss: 1.4786 - Val loss: 1.6165
Epoch 617 - Train loss: 1.4842 - Val loss: 1.6167
Epoch 618 - Train loss: 1.4688 - Val loss: 1.6226
Epoch 619 - Train loss: 1.4703 - Val loss: 1.6153
Epoch 620 - Train loss: 1.4770 - Val loss: 1.6143
Epoch 621 - Train loss: 1.4749 - Val loss: 1.6196
Epoch 622 - Train loss: 1.4717 - Val loss: 1.6119
Epoch 623 - Train loss: 1.4745 - Val loss: 1.6108
Epoch 624 - Train loss: 1.4734 - Val loss: 1.6125
Epoch 625 - Train loss: 1.4701 - Val loss: 1.6176
Epoch 626 - Train loss: 1.4730 - Val loss: 1.6240
Epoch 627 - Train loss: 1.4787 - Val loss: 1.6182
Epoch 628 - Train loss: 1.4788 - Val loss: 1.6085
Saving best model
Epoch 629 - Train loss: 1.4834 - Val loss: 1.6127
Epoch 630 - Train loss: 1.4754 - Val loss: 1.6173
Epoch 631 - Train loss: 1.4728 - Val loss: 1.6154
Epoch 632 - Train loss: 1.4717 - Val loss: 1.6140
Epoch 633 - Train loss: 1.4723 - Val loss: 1.6142
Epoch 634 - Train loss: 1.4727 - Val loss: 1.6191
Epoch 635 - Train loss: 1.4740 - Val loss: 1.6233
Epoch 636 - Train loss: 1.4792 - Val loss: 1.6160
Epoch 637 - Train loss: 1.4695 - Val loss: 1.6183
Epoch 638 - Train loss: 1.4723 - Val loss: 1.6179
Epoch 639 - Train loss: 1.4788 - Val loss: 1.6156
Epoch 640 - Train loss: 1.4738 - Val loss: 1.6124
Epoch 641 - Train loss: 1.4719 - Val loss: 1.6162
Epoch 642 - Train loss: 1.4701 - Val loss: 1.6105
Epoch 643 - Train loss: 1.4769 - Val loss: 1.6282
Epoch 644 - Train loss: 1.4744 - Val loss: 1.6200
Epoch 645 - Train loss: 1.4798 - Val loss: 1.6235
Epoch 646 - Train loss: 1.4741 - Val loss: 1.6139
Epoch 647 - Train loss: 1.4707 - Val loss: 1.6129
Epoch 648 - Train loss: 1.4829 - Val loss: 1.6115
Epoch 649 - Train loss: 1.4768 - Val loss: 1.6150
Epoch 650 - Train loss: 1.4768 - Val loss: 1.6207
Epoch 651 - Train loss: 1.4833 - Val loss: 1.6181
Epoch 652 - Train loss: 1.4919 - Val loss: 1.6127
Epoch 653 - Train loss: 1.4806 - Val loss: 1.6130
Epoch 654 - Train loss: 1.4763 - Val loss: 1.6171
Epoch 655 - Train loss: 1.4896 - Val loss: 1.6198
Epoch 656 - Train loss: 1.4694 - Val loss: 1.6112
Epoch 657 - Train loss: 1.4741 - Val loss: 1.6109
Epoch 658 - Train loss: 1.4771 - Val loss: 1.6272
Epoch 659 - Train loss: 1.4725 - Val loss: 1.6213
Epoch 660 - Train loss: 1.4698 - Val loss: 1.6193
Epoch 661 - Train loss: 1.4737 - Val loss: 1.6119
Epoch 662 - Train loss: 1.4729 - Val loss: 1.6198
Epoch 663 - Train loss: 1.4679 - Val loss: 1.6137
Epoch 664 - Train loss: 1.4802 - Val loss: 1.6173
Epoch 665 - Train loss: 1.4790 - Val loss: 1.6132
Epoch 666 - Train loss: 1.4751 - Val loss: 1.6192
Epoch 667 - Train loss: 1.4791 - Val loss: 1.6098
Epoch 668 - Train loss: 1.4689 - Val loss: 1.6191
Epoch 669 - Train loss: 1.4728 - Val loss: 1.6119
Epoch 670 - Train loss: 1.4875 - Val loss: 1.6190
Epoch 671 - Train loss: 1.4755 - Val loss: 1.6198
Epoch 672 - Train loss: 1.4718 - Val loss: 1.6223
Epoch 673 - Train loss: 1.4702 - Val loss: 1.6146
Epoch 674 - Train loss: 1.4663 - Val loss: 1.6146
Epoch 675 - Train loss: 1.4734 - Val loss: 1.6115
Epoch 676 - Train loss: 1.4749 - Val loss: 1.6119
Epoch 677 - Train loss: 1.4745 - Val loss: 1.6171
Epoch 678 - Train loss: 1.4727 - Val loss: 1.6139
Epoch 679 - Train loss: 1.4723 - Val loss: 1.6163
Epoch 680 - Train loss: 1.4768 - Val loss: 1.6165
Epoch 681 - Train loss: 1.4742 - Val loss: 1.6132
Epoch 682 - Train loss: 1.4774 - Val loss: 1.6156
Epoch 683 - Train loss: 1.4746 - Val loss: 1.6200
Epoch 684 - Train loss: 1.4728 - Val loss: 1.6194
Epoch 685 - Train loss: 1.4890 - Val loss: 1.6155
Epoch 686 - Train loss: 1.4701 - Val loss: 1.6200
Epoch 687 - Train loss: 1.4750 - Val loss: 1.6197
Epoch 688 - Train loss: 1.4803 - Val loss: 1.6159
Epoch 689 - Train loss: 1.4726 - Val loss: 1.6201
Epoch 690 - Train loss: 1.4716 - Val loss: 1.6165
Epoch 691 - Train loss: 1.4703 - Val loss: 1.6190
Epoch 692 - Train loss: 1.4776 - Val loss: 1.6151
Epoch 693 - Train loss: 1.4802 - Val loss: 1.6157
Epoch 694 - Train loss: 1.4729 - Val loss: 1.6160
Epoch 695 - Train loss: 1.4714 - Val loss: 1.6163
Epoch 696 - Train loss: 1.4736 - Val loss: 1.6098
Epoch 697 - Train loss: 1.4696 - Val loss: 1.6210
Epoch 698 - Train loss: 1.4725 - Val loss: 1.6142
Epoch 699 - Train loss: 1.4712 - Val loss: 1.6122
Epoch 700 - Train loss: 1.4812 - Val loss: 1.6208
Epoch 701 - Train loss: 1.4737 - Val loss: 1.6204
Epoch 702 - Train loss: 1.4752 - Val loss: 1.6165
Epoch 703 - Train loss: 1.4695 - Val loss: 1.6095
Epoch 704 - Train loss: 1.4777 - Val loss: 1.6104
Epoch 705 - Train loss: 1.4806 - Val loss: 1.6136
Epoch 706 - Train loss: 1.4841 - Val loss: 1.6150
Epoch 707 - Train loss: 1.4724 - Val loss: 1.6209
Epoch 708 - Train loss: 1.4763 - Val loss: 1.6116
Epoch 709 - Train loss: 1.4757 - Val loss: 1.6300
Epoch 710 - Train loss: 1.4771 - Val loss: 1.6135
Epoch 711 - Train loss: 1.4696 - Val loss: 1.6164
Epoch 712 - Train loss: 1.4706 - Val loss: 1.6137
Epoch 713 - Train loss: 1.4715 - Val loss: 1.6117
Epoch 714 - Train loss: 1.4674 - Val loss: 1.6152
Epoch 715 - Train loss: 1.4759 - Val loss: 1.6121
Epoch 716 - Train loss: 1.4694 - Val loss: 1.6215
Epoch 717 - Train loss: 1.4789 - Val loss: 1.6131
Epoch 718 - Train loss: 1.4723 - Val loss: 1.6146
Epoch 719 - Train loss: 1.4720 - Val loss: 1.6217
Epoch 720 - Train loss: 1.4757 - Val loss: 1.6219
Epoch 721 - Train loss: 1.4806 - Val loss: 1.6246
Epoch 722 - Train loss: 1.4781 - Val loss: 1.6198
Epoch 723 - Train loss: 1.4840 - Val loss: 1.6219
Epoch 724 - Train loss: 1.4712 - Val loss: 1.6238
Epoch 725 - Train loss: 1.4782 - Val loss: 1.6207
Epoch 726 - Train loss: 1.4765 - Val loss: 1.6158
Epoch 727 - Train loss: 1.4777 - Val loss: 1.6168
Epoch 728 - Train loss: 1.4697 - Val loss: 1.6294
Epoch 729 - Train loss: 1.4787 - Val loss: 1.6241
Epoch 730 - Train loss: 1.4767 - Val loss: 1.6202
Epoch 731 - Train loss: 1.4700 - Val loss: 1.6157
Epoch 732 - Train loss: 1.4711 - Val loss: 1.6103
Epoch 733 - Train loss: 1.4631 - Val loss: 1.6130
Epoch 734 - Train loss: 1.4750 - Val loss: 1.6128
Epoch 735 - Train loss: 1.4703 - Val loss: 1.6224
Epoch 736 - Train loss: 1.4754 - Val loss: 1.6254
Epoch 737 - Train loss: 1.4771 - Val loss: 1.6104
Epoch 738 - Train loss: 1.4679 - Val loss: 1.6227
Epoch 739 - Train loss: 1.4693 - Val loss: 1.6189
Epoch 740 - Train loss: 1.4737 - Val loss: 1.6219
Epoch 741 - Train loss: 1.4758 - Val loss: 1.6209
Epoch 742 - Train loss: 1.4685 - Val loss: 1.6120
Epoch 743 - Train loss: 1.4735 - Val loss: 1.6148
Epoch 744 - Train loss: 1.4655 - Val loss: 1.6163
Epoch 745 - Train loss: 1.4660 - Val loss: 1.6121
Epoch 746 - Train loss: 1.4626 - Val loss: 1.6104
Epoch 747 - Train loss: 1.4700 - Val loss: 1.6132
Epoch 748 - Train loss: 1.4800 - Val loss: 1.6113
Epoch 749 - Train loss: 1.4668 - Val loss: 1.6150
Loading best model state : D:\Projets\GoDaddy\logs/experiments\trf_ae_dv_ed.64_nl.8_nh.8_df.350_sl.30_ss.1_lr.0.001_bs.1024\trf_ae_dv_ed.64_nl.8_nh.8_df.350_sl.30_ss.1_lr.0.001_bs.1024.pt
