Training : trf_ae_dv_ed.32_nl.4_nh.4_df.512_sl.10_ss.1_lr.0.001_bs.256
Loading datasets  from D:\Projets\GoDaddy\dataset\pickle\all_dataset_10_1_True.pickle
Nb sequences : Train 90914 - Val 3135 - Test 25080
Launch training on cuda
Using encoder census data
Epoch 0 - Train loss: 13.0353 - Val loss: 5.6140
Saving best model
Epoch 1 - Train loss: 5.9934 - Val loss: 4.6847
Saving best model
Epoch 2 - Train loss: 4.7988 - Val loss: 9.6551
Epoch 3 - Train loss: 4.4234 - Val loss: 3.8503
Saving best model
Epoch 4 - Train loss: 3.6813 - Val loss: 2.4315
Saving best model
Epoch 5 - Train loss: 3.5886 - Val loss: 2.5649
Epoch 6 - Train loss: 4.0450 - Val loss: 2.0866
Saving best model
Epoch 7 - Train loss: 3.5041 - Val loss: 2.7844
Epoch 8 - Train loss: 3.3047 - Val loss: 2.4728
Epoch 9 - Train loss: 2.9915 - Val loss: 4.7607
Epoch 10 - Train loss: 3.2302 - Val loss: 2.6121
Epoch 11 - Train loss: 2.9986 - Val loss: 1.9966
Saving best model
Epoch 12 - Train loss: 3.1219 - Val loss: 3.4839
Epoch 13 - Train loss: 2.7874 - Val loss: 2.1726
Epoch 14 - Train loss: 3.2226 - Val loss: 2.6809
Epoch 15 - Train loss: 2.6720 - Val loss: 2.2841
Epoch 16 - Train loss: 3.1252 - Val loss: 3.1590
Epoch 17 - Train loss: 2.7455 - Val loss: 1.8768
Saving best model
Epoch 18 - Train loss: 2.7035 - Val loss: 2.3875
Epoch 19 - Train loss: 2.8433 - Val loss: 2.3668
Epoch 20 - Train loss: 2.5909 - Val loss: 1.8150
Saving best model
Epoch 21 - Train loss: 2.8847 - Val loss: 3.2027
Epoch 22 - Train loss: 2.6225 - Val loss: 4.1883
Epoch 23 - Train loss: 2.5666 - Val loss: 3.0849
Epoch 24 - Train loss: 2.6542 - Val loss: 3.6021
Epoch 25 - Train loss: 2.6082 - Val loss: 1.8842
Epoch 26 - Train loss: 2.5492 - Val loss: 2.1254
Epoch 27 - Train loss: 2.5776 - Val loss: 2.0200
Epoch 28 - Train loss: 2.4197 - Val loss: 3.2930
Epoch 29 - Train loss: 2.5860 - Val loss: 2.4292
Epoch 30 - Train loss: 2.4542 - Val loss: 2.2167
Epoch 31 - Train loss: 2.4609 - Val loss: 3.1094
Epoch 32 - Train loss: 2.2755 - Val loss: 2.9305
Epoch 33 - Train loss: 2.5007 - Val loss: 2.7940
Epoch 34 - Train loss: 2.3113 - Val loss: 1.9064
Epoch 35 - Train loss: 2.3115 - Val loss: 2.4676
Epoch 36 - Train loss: 2.3133 - Val loss: 1.8831
Epoch 37 - Train loss: 2.4381 - Val loss: 2.1316
Epoch 38 - Train loss: 2.3937 - Val loss: 2.0503
Epoch 39 - Train loss: 2.2505 - Val loss: 3.1424
Epoch 40 - Train loss: 2.4445 - Val loss: 2.4170
Epoch 41 - Train loss: 2.2426 - Val loss: 2.3858
Epoch 42 - Train loss: 1.9944 - Val loss: 2.4195
Epoch 43 - Train loss: 2.0229 - Val loss: 1.4842
Saving best model
Epoch 44 - Train loss: 2.0191 - Val loss: 1.5113
Epoch 45 - Train loss: 2.0394 - Val loss: 1.6858
Epoch 46 - Train loss: 2.0058 - Val loss: 1.7053
Epoch 47 - Train loss: 2.0040 - Val loss: 1.9939
Epoch 48 - Train loss: 2.0228 - Val loss: 1.5488
Epoch 49 - Train loss: 2.0366 - Val loss: 1.7233
Epoch 50 - Train loss: 2.0137 - Val loss: 1.5132
Epoch 51 - Train loss: 1.9994 - Val loss: 1.7010
Epoch 52 - Train loss: 2.0244 - Val loss: 1.7966
Epoch 53 - Train loss: 1.9910 - Val loss: 1.6501
Epoch 54 - Train loss: 1.9834 - Val loss: 1.5445
Epoch 55 - Train loss: 2.0117 - Val loss: 1.7686
Epoch 56 - Train loss: 1.9704 - Val loss: 1.6644
Epoch 57 - Train loss: 2.0143 - Val loss: 1.4088
Saving best model
Epoch 58 - Train loss: 1.9653 - Val loss: 1.4922
Epoch 59 - Train loss: 1.9782 - Val loss: 1.8208
Epoch 60 - Train loss: 2.0040 - Val loss: 1.7833
Epoch 61 - Train loss: 1.9682 - Val loss: 1.6738
Epoch 62 - Train loss: 1.9746 - Val loss: 1.3729
Saving best model
Epoch 63 - Train loss: 1.9887 - Val loss: 1.4275
Epoch 64 - Train loss: 1.9431 - Val loss: 1.8006
Epoch 65 - Train loss: 1.9626 - Val loss: 1.7301
Epoch 66 - Train loss: 1.9823 - Val loss: 1.4572
Epoch 67 - Train loss: 1.9554 - Val loss: 1.8068
Epoch 68 - Train loss: 1.9458 - Val loss: 1.4087
Epoch 69 - Train loss: 2.0049 - Val loss: 1.4969
Epoch 70 - Train loss: 1.9532 - Val loss: 1.4365
Epoch 71 - Train loss: 1.9375 - Val loss: 1.6696
Epoch 72 - Train loss: 1.9456 - Val loss: 1.5444
Epoch 73 - Train loss: 1.9394 - Val loss: 1.5843
Epoch 74 - Train loss: 1.9604 - Val loss: 1.5769
Epoch 75 - Train loss: 1.9045 - Val loss: 1.7012
Epoch 76 - Train loss: 1.9674 - Val loss: 1.4257
Epoch 77 - Train loss: 1.9476 - Val loss: 1.4173
Epoch 78 - Train loss: 1.9552 - Val loss: 1.4362
Epoch 79 - Train loss: 1.9341 - Val loss: 1.5814
Epoch 80 - Train loss: 1.9430 - Val loss: 1.4461
Epoch 81 - Train loss: 1.9725 - Val loss: 1.4716
Epoch 82 - Train loss: 1.9430 - Val loss: 1.6071
Epoch 83 - Train loss: 1.9251 - Val loss: 1.5441
Epoch 84 - Train loss: 1.8413 - Val loss: 1.7352
Epoch 85 - Train loss: 1.8474 - Val loss: 1.3190
Saving best model
Epoch 86 - Train loss: 1.8349 - Val loss: 1.3929
Epoch 87 - Train loss: 1.8417 - Val loss: 1.4799
Epoch 88 - Train loss: 1.8313 - Val loss: 1.4998
Epoch 89 - Train loss: 1.8389 - Val loss: 1.4087
Epoch 90 - Train loss: 1.8373 - Val loss: 1.4449
Epoch 91 - Train loss: 1.8320 - Val loss: 1.3272
Epoch 92 - Train loss: 1.8399 - Val loss: 1.4883
Epoch 93 - Train loss: 1.8263 - Val loss: 1.3666
Epoch 94 - Train loss: 1.8651 - Val loss: 1.3403
Epoch 95 - Train loss: 1.8328 - Val loss: 1.5252
Epoch 96 - Train loss: 1.8296 - Val loss: 1.3953
Epoch 97 - Train loss: 1.8309 - Val loss: 1.3924
Epoch 98 - Train loss: 1.8517 - Val loss: 1.4654
Epoch 99 - Train loss: 1.8292 - Val loss: 1.3663
Epoch 100 - Train loss: 1.8260 - Val loss: 1.4169
Epoch 101 - Train loss: 1.8324 - Val loss: 1.4374
Epoch 102 - Train loss: 1.8233 - Val loss: 1.6410
Epoch 103 - Train loss: 1.8503 - Val loss: 1.3651
Epoch 104 - Train loss: 1.8261 - Val loss: 1.4031
Epoch 105 - Train loss: 1.8179 - Val loss: 1.4459
Epoch 106 - Train loss: 1.8353 - Val loss: 1.5630
Epoch 107 - Train loss: 1.7838 - Val loss: 1.3616
Epoch 108 - Train loss: 1.7823 - Val loss: 1.3601
Epoch 109 - Train loss: 1.7900 - Val loss: 1.3315
Epoch 110 - Train loss: 1.7822 - Val loss: 1.3299
Epoch 111 - Train loss: 1.7846 - Val loss: 1.3008
Saving best model
Epoch 112 - Train loss: 1.7861 - Val loss: 1.3688
Epoch 113 - Train loss: 1.7827 - Val loss: 1.3361
Epoch 114 - Train loss: 1.7822 - Val loss: 1.3486
Epoch 115 - Train loss: 1.7835 - Val loss: 1.3216
Epoch 116 - Train loss: 1.7807 - Val loss: 1.3918
Epoch 117 - Train loss: 1.7821 - Val loss: 1.5832
Epoch 118 - Train loss: 1.7794 - Val loss: 1.3139
Epoch 119 - Train loss: 1.7801 - Val loss: 1.3658
Epoch 120 - Train loss: 1.7855 - Val loss: 1.3074
Epoch 121 - Train loss: 1.7815 - Val loss: 1.3045
Epoch 122 - Train loss: 1.7836 - Val loss: 1.3796
Epoch 123 - Train loss: 1.7803 - Val loss: 1.4388
Epoch 124 - Train loss: 1.7846 - Val loss: 1.4932
Epoch 125 - Train loss: 1.7788 - Val loss: 1.2623
Saving best model
Epoch 126 - Train loss: 1.7746 - Val loss: 1.5686
Epoch 127 - Train loss: 1.7821 - Val loss: 1.3490
Epoch 128 - Train loss: 1.7822 - Val loss: 1.2950
Epoch 129 - Train loss: 1.7827 - Val loss: 1.4908
Epoch 130 - Train loss: 1.7729 - Val loss: 1.3153
Epoch 131 - Train loss: 1.7783 - Val loss: 1.3131
Epoch 132 - Train loss: 1.7789 - Val loss: 1.2837
Epoch 133 - Train loss: 1.7757 - Val loss: 1.3163
Epoch 134 - Train loss: 1.7733 - Val loss: 1.5765
Epoch 135 - Train loss: 1.7775 - Val loss: 1.3394
Epoch 136 - Train loss: 1.7770 - Val loss: 1.2766
Epoch 137 - Train loss: 1.7711 - Val loss: 1.3296
Epoch 138 - Train loss: 1.7664 - Val loss: 1.3415
Epoch 139 - Train loss: 1.7747 - Val loss: 1.2944
Epoch 140 - Train loss: 1.7742 - Val loss: 1.3294
Epoch 141 - Train loss: 1.7778 - Val loss: 1.6006
Epoch 142 - Train loss: 1.7809 - Val loss: 1.2865
Epoch 143 - Train loss: 1.7688 - Val loss: 1.3570
Epoch 144 - Train loss: 1.7868 - Val loss: 1.2828
Epoch 145 - Train loss: 1.7686 - Val loss: 1.2996
Epoch 146 - Train loss: 1.7687 - Val loss: 1.4588
Epoch 147 - Train loss: 1.7472 - Val loss: 1.3055
Epoch 148 - Train loss: 1.7496 - Val loss: 1.3099
Epoch 149 - Train loss: 1.7392 - Val loss: 1.2716
Epoch 150 - Train loss: 1.7484 - Val loss: 1.3269
Epoch 151 - Train loss: 1.7450 - Val loss: 1.2928
Epoch 152 - Train loss: 1.7506 - Val loss: 1.2521
Saving best model
Epoch 153 - Train loss: 1.7473 - Val loss: 1.3720
Epoch 154 - Train loss: 1.7511 - Val loss: 1.3199
Epoch 155 - Train loss: 1.7388 - Val loss: 1.2932
Epoch 156 - Train loss: 1.7380 - Val loss: 1.3212
Epoch 157 - Train loss: 1.7478 - Val loss: 1.3399
Epoch 158 - Train loss: 1.7413 - Val loss: 1.3471
Epoch 159 - Train loss: 1.7440 - Val loss: 1.3426
Epoch 160 - Train loss: 1.7438 - Val loss: 1.3661
Epoch 161 - Train loss: 1.7432 - Val loss: 1.3566
Epoch 162 - Train loss: 1.7418 - Val loss: 1.2807
Epoch 163 - Train loss: 1.7387 - Val loss: 1.3062
Epoch 164 - Train loss: 1.7444 - Val loss: 1.2624
Epoch 165 - Train loss: 1.7442 - Val loss: 1.2760
Epoch 166 - Train loss: 1.7440 - Val loss: 1.2761
Epoch 167 - Train loss: 1.7388 - Val loss: 1.2588
Epoch 168 - Train loss: 1.7400 - Val loss: 1.3093
Epoch 169 - Train loss: 1.7412 - Val loss: 1.3507
Epoch 170 - Train loss: 1.7404 - Val loss: 1.3322
Epoch 171 - Train loss: 1.7434 - Val loss: 1.2741
Epoch 172 - Train loss: 1.7405 - Val loss: 1.3399
Epoch 173 - Train loss: 1.7443 - Val loss: 1.3312
Epoch 174 - Train loss: 1.7268 - Val loss: 1.3172
Epoch 175 - Train loss: 1.7265 - Val loss: 1.2744
Epoch 176 - Train loss: 1.7235 - Val loss: 1.2685
Epoch 177 - Train loss: 1.7270 - Val loss: 1.3205
Epoch 178 - Train loss: 1.7257 - Val loss: 1.2679
Epoch 179 - Train loss: 1.7266 - Val loss: 1.3332
Epoch 180 - Train loss: 1.7268 - Val loss: 1.2611
Epoch 181 - Train loss: 1.7276 - Val loss: 1.2675
Epoch 182 - Train loss: 1.7217 - Val loss: 1.2772
Epoch 183 - Train loss: 1.7256 - Val loss: 1.2481
Saving best model
Epoch 184 - Train loss: 1.7246 - Val loss: 1.2421
Saving best model
Epoch 185 - Train loss: 1.7219 - Val loss: 1.2534
Epoch 186 - Train loss: 1.7288 - Val loss: 1.2563
Epoch 187 - Train loss: 1.7245 - Val loss: 1.2754
Epoch 188 - Train loss: 1.7262 - Val loss: 1.3203
Epoch 189 - Train loss: 1.7272 - Val loss: 1.2449
Epoch 190 - Train loss: 1.7252 - Val loss: 1.3137
Epoch 191 - Train loss: 1.7255 - Val loss: 1.2884
Epoch 192 - Train loss: 1.7297 - Val loss: 1.2600
Epoch 193 - Train loss: 1.7308 - Val loss: 1.2559
Epoch 194 - Train loss: 1.7238 - Val loss: 1.2616
Epoch 195 - Train loss: 1.7237 - Val loss: 1.2540
Epoch 196 - Train loss: 1.7232 - Val loss: 1.2901
Epoch 197 - Train loss: 1.7232 - Val loss: 1.2495
Epoch 198 - Train loss: 1.7272 - Val loss: 1.2660
Epoch 199 - Train loss: 1.7262 - Val loss: 1.2704
Epoch 200 - Train loss: 1.7288 - Val loss: 1.3031
Epoch 201 - Train loss: 1.7224 - Val loss: 1.2580
Epoch 202 - Train loss: 1.7250 - Val loss: 1.2919
Epoch 203 - Train loss: 1.7222 - Val loss: 1.2509
Epoch 204 - Train loss: 1.7227 - Val loss: 1.3142
Epoch 205 - Train loss: 1.7243 - Val loss: 1.3278
Epoch 206 - Train loss: 1.7191 - Val loss: 1.2607
Epoch 207 - Train loss: 1.7168 - Val loss: 1.3238
Epoch 208 - Train loss: 1.7176 - Val loss: 1.2761
Epoch 209 - Train loss: 1.7169 - Val loss: 1.2741
Epoch 210 - Train loss: 1.7162 - Val loss: 1.2605
Epoch 211 - Train loss: 1.7155 - Val loss: 1.2869
Epoch 212 - Train loss: 1.7169 - Val loss: 1.2647
Epoch 213 - Train loss: 1.7164 - Val loss: 1.2663
Epoch 214 - Train loss: 1.7153 - Val loss: 1.2486
Epoch 215 - Train loss: 1.7174 - Val loss: 1.2570
Epoch 216 - Train loss: 1.7162 - Val loss: 1.3051
Epoch 217 - Train loss: 1.7201 - Val loss: 1.2561
Epoch 218 - Train loss: 1.7161 - Val loss: 1.2878
Epoch 219 - Train loss: 1.7137 - Val loss: 1.2542
Epoch 220 - Train loss: 1.7151 - Val loss: 1.2458
Epoch 221 - Train loss: 1.7161 - Val loss: 1.2837
Epoch 222 - Train loss: 1.7145 - Val loss: 1.2658
Epoch 223 - Train loss: 1.7157 - Val loss: 1.2559
Epoch 224 - Train loss: 1.7135 - Val loss: 1.2647
Epoch 225 - Train loss: 1.7159 - Val loss: 1.2663
Epoch 226 - Train loss: 1.7122 - Val loss: 1.2555
Epoch 227 - Train loss: 1.7104 - Val loss: 1.2628
Epoch 228 - Train loss: 1.7101 - Val loss: 1.2636
Epoch 229 - Train loss: 1.7105 - Val loss: 1.2826
Epoch 230 - Train loss: 1.7141 - Val loss: 1.2659
Epoch 231 - Train loss: 1.7082 - Val loss: 1.2690
Epoch 232 - Train loss: 1.7119 - Val loss: 1.2836
Epoch 233 - Train loss: 1.7120 - Val loss: 1.2511
Epoch 234 - Train loss: 1.7107 - Val loss: 1.2575
Epoch 235 - Train loss: 1.7096 - Val loss: 1.2564
Epoch 236 - Train loss: 1.7095 - Val loss: 1.2776
Epoch 237 - Train loss: 1.7213 - Val loss: 1.2582
Epoch 238 - Train loss: 1.7088 - Val loss: 1.2574
Epoch 239 - Train loss: 1.7108 - Val loss: 1.2755
Epoch 240 - Train loss: 1.7083 - Val loss: 1.2800
Epoch 241 - Train loss: 1.7092 - Val loss: 1.2568
Epoch 242 - Train loss: 1.7103 - Val loss: 1.2609
Epoch 243 - Train loss: 1.7095 - Val loss: 1.2660
Epoch 244 - Train loss: 1.7097 - Val loss: 1.2870
Epoch 245 - Train loss: 1.7100 - Val loss: 1.2684
Epoch 246 - Train loss: 1.7090 - Val loss: 1.2716
Epoch 247 - Train loss: 1.7105 - Val loss: 1.2761
Epoch 248 - Train loss: 1.7073 - Val loss: 1.2658
Epoch 249 - Train loss: 1.7078 - Val loss: 1.2606
Epoch 250 - Train loss: 1.7092 - Val loss: 1.2562
Epoch 251 - Train loss: 1.7082 - Val loss: 1.2886
Epoch 252 - Train loss: 1.7104 - Val loss: 1.2565
Epoch 253 - Train loss: 1.7114 - Val loss: 1.2526
Epoch 254 - Train loss: 1.7081 - Val loss: 1.2701
Epoch 255 - Train loss: 1.7102 - Val loss: 1.2517
Epoch 256 - Train loss: 1.7064 - Val loss: 1.2649
Epoch 257 - Train loss: 1.7160 - Val loss: 1.2565
Epoch 258 - Train loss: 1.7110 - Val loss: 1.2664
Epoch 259 - Train loss: 1.7119 - Val loss: 1.2583
Epoch 260 - Train loss: 1.7087 - Val loss: 1.2700
Epoch 261 - Train loss: 1.7087 - Val loss: 1.2620
Epoch 262 - Train loss: 1.7082 - Val loss: 1.2714
Epoch 263 - Train loss: 1.7091 - Val loss: 1.2702
Epoch 264 - Train loss: 1.7069 - Val loss: 1.2698
Epoch 265 - Train loss: 1.7078 - Val loss: 1.2561
Epoch 266 - Train loss: 1.7091 - Val loss: 1.2656
Epoch 267 - Train loss: 1.7089 - Val loss: 1.2563
Epoch 268 - Train loss: 1.7079 - Val loss: 1.2767
Epoch 269 - Train loss: 1.7061 - Val loss: 1.2584
Epoch 270 - Train loss: 1.7093 - Val loss: 1.2540
Epoch 271 - Train loss: 1.7127 - Val loss: 1.2496
Epoch 272 - Train loss: 1.7108 - Val loss: 1.2709
Epoch 273 - Train loss: 1.7071 - Val loss: 1.2699
Epoch 274 - Train loss: 1.7081 - Val loss: 1.2651
Epoch 275 - Train loss: 1.7077 - Val loss: 1.2636
Epoch 276 - Train loss: 1.7067 - Val loss: 1.2521
Epoch 277 - Train loss: 1.7067 - Val loss: 1.2584
Epoch 278 - Train loss: 1.7056 - Val loss: 1.2769
Epoch 279 - Train loss: 1.7059 - Val loss: 1.2585
Epoch 280 - Train loss: 1.7117 - Val loss: 1.2933
Epoch 281 - Train loss: 1.7052 - Val loss: 1.2546
Epoch 282 - Train loss: 1.7064 - Val loss: 1.2725
Epoch 283 - Train loss: 1.7085 - Val loss: 1.2680
Epoch 284 - Train loss: 1.7185 - Val loss: 1.2761
Epoch 285 - Train loss: 1.7074 - Val loss: 1.2584
Epoch 286 - Train loss: 1.7082 - Val loss: 1.2615
Epoch 287 - Train loss: 1.7080 - Val loss: 1.2597
Epoch 288 - Train loss: 1.7067 - Val loss: 1.2584
Epoch 289 - Train loss: 1.7079 - Val loss: 1.2667
Epoch 290 - Train loss: 1.7100 - Val loss: 1.2579
Epoch 291 - Train loss: 1.7083 - Val loss: 1.2572
Epoch 292 - Train loss: 1.7063 - Val loss: 1.2635
Epoch 293 - Train loss: 1.7068 - Val loss: 1.2591
Epoch 294 - Train loss: 1.7066 - Val loss: 1.2560
Epoch 295 - Train loss: 1.7062 - Val loss: 1.2569
Epoch 296 - Train loss: 1.7072 - Val loss: 1.2684
Epoch 297 - Train loss: 1.7071 - Val loss: 1.2545
Epoch 298 - Train loss: 1.7075 - Val loss: 1.2577
Epoch 299 - Train loss: 1.7076 - Val loss: 1.2672
Epoch 300 - Train loss: 1.7082 - Val loss: 1.2477
Epoch 301 - Train loss: 1.7056 - Val loss: 1.2713
Epoch 302 - Train loss: 1.7079 - Val loss: 1.2645
Epoch 303 - Train loss: 1.7074 - Val loss: 1.2619
Epoch 304 - Train loss: 1.7060 - Val loss: 1.2647
Epoch 305 - Train loss: 1.7080 - Val loss: 1.2570
Epoch 306 - Train loss: 1.7071 - Val loss: 1.2569
Epoch 307 - Train loss: 1.7057 - Val loss: 1.3013
Epoch 308 - Train loss: 1.7079 - Val loss: 1.2611
Epoch 309 - Train loss: 1.7100 - Val loss: 1.2553
Epoch 310 - Train loss: 1.7120 - Val loss: 1.2646
Epoch 311 - Train loss: 1.7080 - Val loss: 1.2586
Epoch 312 - Train loss: 1.7059 - Val loss: 1.2496
Epoch 313 - Train loss: 1.7071 - Val loss: 1.2635
Epoch 314 - Train loss: 1.7077 - Val loss: 1.2652
Epoch 315 - Train loss: 1.7060 - Val loss: 1.2616
Epoch 316 - Train loss: 1.7080 - Val loss: 1.2579
Epoch 317 - Train loss: 1.7071 - Val loss: 1.2782
Epoch 318 - Train loss: 1.7079 - Val loss: 1.2511
Epoch 319 - Train loss: 1.7098 - Val loss: 1.2705
Epoch 320 - Train loss: 1.7064 - Val loss: 1.2769
Epoch 321 - Train loss: 1.7069 - Val loss: 1.2455
Epoch 322 - Train loss: 1.7098 - Val loss: 1.2713
Epoch 323 - Train loss: 1.7068 - Val loss: 1.2801
Epoch 324 - Train loss: 1.7075 - Val loss: 1.2557
Epoch 325 - Train loss: 1.7067 - Val loss: 1.2633
Epoch 326 - Train loss: 1.7047 - Val loss: 1.2570
Epoch 327 - Train loss: 1.7071 - Val loss: 1.2570
Epoch 328 - Train loss: 1.7053 - Val loss: 1.2488
Epoch 329 - Train loss: 1.7071 - Val loss: 1.2603
Epoch 330 - Train loss: 1.7073 - Val loss: 1.2590
Epoch 331 - Train loss: 1.7074 - Val loss: 1.2481
Epoch 332 - Train loss: 1.7079 - Val loss: 1.2693
Epoch 333 - Train loss: 1.7085 - Val loss: 1.2539
Epoch 334 - Train loss: 1.7097 - Val loss: 1.2762
Epoch 335 - Train loss: 1.7071 - Val loss: 1.2522
Epoch 336 - Train loss: 1.7090 - Val loss: 1.2575
Epoch 337 - Train loss: 1.7079 - Val loss: 1.2581
Epoch 338 - Train loss: 1.7057 - Val loss: 1.2597
Epoch 339 - Train loss: 1.7088 - Val loss: 1.2673
Epoch 340 - Train loss: 1.7048 - Val loss: 1.2647
Epoch 341 - Train loss: 1.7071 - Val loss: 1.2610
Epoch 342 - Train loss: 1.7042 - Val loss: 1.2603
Epoch 343 - Train loss: 1.7094 - Val loss: 1.2755
Epoch 344 - Train loss: 1.7057 - Val loss: 1.2478
Epoch 345 - Train loss: 1.7090 - Val loss: 1.2614
Epoch 346 - Train loss: 1.7058 - Val loss: 1.2614
Epoch 347 - Train loss: 1.7060 - Val loss: 1.2872
Epoch 348 - Train loss: 1.7047 - Val loss: 1.2579
Epoch 349 - Train loss: 1.7118 - Val loss: 1.2711
Epoch 350 - Train loss: 1.7176 - Val loss: 1.2566
Epoch 351 - Train loss: 1.7069 - Val loss: 1.2543
Epoch 352 - Train loss: 1.7078 - Val loss: 1.2640
Epoch 353 - Train loss: 1.7087 - Val loss: 1.2626
Epoch 354 - Train loss: 1.7089 - Val loss: 1.2512
Epoch 355 - Train loss: 1.7058 - Val loss: 1.2528
Epoch 356 - Train loss: 1.7053 - Val loss: 1.2560
Epoch 357 - Train loss: 1.7068 - Val loss: 1.2510
Epoch 358 - Train loss: 1.7065 - Val loss: 1.2623
Epoch 359 - Train loss: 1.7052 - Val loss: 1.2636
Epoch 360 - Train loss: 1.7077 - Val loss: 1.2519
Epoch 361 - Train loss: 1.7090 - Val loss: 1.2641
Epoch 362 - Train loss: 1.7043 - Val loss: 1.2721
Epoch 363 - Train loss: 1.7054 - Val loss: 1.2581
Epoch 364 - Train loss: 1.7059 - Val loss: 1.2532
Epoch 365 - Train loss: 1.7040 - Val loss: 1.2533
Epoch 366 - Train loss: 1.7069 - Val loss: 1.2870
Epoch 367 - Train loss: 1.7048 - Val loss: 1.2513
Epoch 368 - Train loss: 1.7058 - Val loss: 1.2556
Epoch 369 - Train loss: 1.7053 - Val loss: 1.2631
Epoch 370 - Train loss: 1.7057 - Val loss: 1.2742
Epoch 371 - Train loss: 1.7059 - Val loss: 1.2542
Epoch 372 - Train loss: 1.7059 - Val loss: 1.2549
Epoch 373 - Train loss: 1.7067 - Val loss: 1.2569
Epoch 374 - Train loss: 1.7033 - Val loss: 1.2629
Epoch 375 - Train loss: 1.7048 - Val loss: 1.2573
Epoch 376 - Train loss: 1.7052 - Val loss: 1.2574
Epoch 377 - Train loss: 1.7076 - Val loss: 1.2641
Epoch 378 - Train loss: 1.7049 - Val loss: 1.2671
Epoch 379 - Train loss: 1.7074 - Val loss: 1.2601
Epoch 380 - Train loss: 1.7098 - Val loss: 1.2494
Epoch 381 - Train loss: 1.7066 - Val loss: 1.2763
Epoch 382 - Train loss: 1.7059 - Val loss: 1.2635
Epoch 383 - Train loss: 1.7073 - Val loss: 1.2661
Epoch 384 - Train loss: 1.7068 - Val loss: 1.2915
Epoch 385 - Train loss: 1.7063 - Val loss: 1.2705
Epoch 386 - Train loss: 1.7073 - Val loss: 1.2694
Epoch 387 - Train loss: 1.7051 - Val loss: 1.2548
Epoch 388 - Train loss: 1.7057 - Val loss: 1.2623
Epoch 389 - Train loss: 1.7080 - Val loss: 1.2650
Epoch 390 - Train loss: 1.7054 - Val loss: 1.2656
Epoch 391 - Train loss: 1.7053 - Val loss: 1.2614
Epoch 392 - Train loss: 1.7043 - Val loss: 1.2568
Epoch 393 - Train loss: 1.7074 - Val loss: 1.2573
Epoch 394 - Train loss: 1.7060 - Val loss: 1.2577
Epoch 395 - Train loss: 1.7039 - Val loss: 1.2602
Epoch 396 - Train loss: 1.7052 - Val loss: 1.2622
Epoch 397 - Train loss: 1.7074 - Val loss: 1.2607
Epoch 398 - Train loss: 1.7041 - Val loss: 1.2505
Epoch 399 - Train loss: 1.7043 - Val loss: 1.2524
Epoch 400 - Train loss: 1.7074 - Val loss: 1.2725
Epoch 401 - Train loss: 1.7076 - Val loss: 1.2616
Epoch 402 - Train loss: 1.7058 - Val loss: 1.2769
Epoch 403 - Train loss: 1.7048 - Val loss: 1.2585
Epoch 404 - Train loss: 1.7094 - Val loss: 1.2696
Epoch 405 - Train loss: 1.7125 - Val loss: 1.2610
Epoch 406 - Train loss: 1.7046 - Val loss: 1.2517
Epoch 407 - Train loss: 1.7083 - Val loss: 1.2719
Epoch 408 - Train loss: 1.7088 - Val loss: 1.2627
Epoch 409 - Train loss: 1.7042 - Val loss: 1.2478
Epoch 410 - Train loss: 1.7074 - Val loss: 1.2646
Epoch 411 - Train loss: 1.7068 - Val loss: 1.2545
Epoch 412 - Train loss: 1.7060 - Val loss: 1.2443
Epoch 413 - Train loss: 1.7072 - Val loss: 1.2675
Epoch 414 - Train loss: 1.7059 - Val loss: 1.2576
Epoch 415 - Train loss: 1.7055 - Val loss: 1.2724
Epoch 416 - Train loss: 1.7049 - Val loss: 1.2652
Epoch 417 - Train loss: 1.7051 - Val loss: 1.2596
Epoch 418 - Train loss: 1.7054 - Val loss: 1.2705
Epoch 419 - Train loss: 1.7048 - Val loss: 1.2525
Epoch 420 - Train loss: 1.7036 - Val loss: 1.2766
Epoch 421 - Train loss: 1.7043 - Val loss: 1.2713
Epoch 422 - Train loss: 1.7071 - Val loss: 1.2712
Epoch 423 - Train loss: 1.7048 - Val loss: 1.2684
Epoch 424 - Train loss: 1.7081 - Val loss: 1.2572
Epoch 425 - Train loss: 1.7037 - Val loss: 1.2629
Epoch 426 - Train loss: 1.7067 - Val loss: 1.2727
Epoch 427 - Train loss: 1.7030 - Val loss: 1.2554
Epoch 428 - Train loss: 1.7060 - Val loss: 1.2635
Epoch 429 - Train loss: 1.7052 - Val loss: 1.2590
Epoch 430 - Train loss: 1.7043 - Val loss: 1.2683
Epoch 431 - Train loss: 1.7031 - Val loss: 1.2636
Epoch 432 - Train loss: 1.7057 - Val loss: 1.2812
Epoch 433 - Train loss: 1.7061 - Val loss: 1.2791
Epoch 434 - Train loss: 1.7049 - Val loss: 1.2894
Epoch 435 - Train loss: 1.7063 - Val loss: 1.2776
Epoch 436 - Train loss: 1.7050 - Val loss: 1.2574
Epoch 437 - Train loss: 1.7031 - Val loss: 1.2600
Epoch 438 - Train loss: 1.7050 - Val loss: 1.2578
