Training : trf_ae_dv_ed.128_dce.2_nl.8_nh.8_df.1024_sl.20_ss.1_lr.0.0005_bs.32_do.0.0
Loading datasets  from D:\Projets\GoDaddy\dataset\pickle\prepared_dataset_20_1_True.pickle
Nb sequences : Train 59564 - Val 3135 - Test 25080
Launch training on cuda
Using encoder census data
Epoch 0 - Train loss: 9.0547 - Val loss: 5.3612
Saving best model
Epoch 1 - Train loss: 4.6317 - Val loss: 4.1906
Saving best model
Epoch 2 - Train loss: 3.6713 - Val loss: 3.0165
Saving best model
Epoch 3 - Train loss: 3.1941 - Val loss: 2.7807
Saving best model
Epoch 4 - Train loss: 3.1751 - Val loss: 2.1957
Saving best model
Epoch 5 - Train loss: 2.7173 - Val loss: 3.1587
Epoch 6 - Train loss: 2.7821 - Val loss: 2.5044
Epoch 7 - Train loss: 2.5077 - Val loss: 1.6842
Saving best model
Epoch 8 - Train loss: 2.4169 - Val loss: 1.8507
Epoch 9 - Train loss: 2.4889 - Val loss: 1.6679
Saving best model
Epoch 10 - Train loss: 1.8309 - Val loss: 1.4360
Saving best model
Epoch 11 - Train loss: 1.8305 - Val loss: 1.4431
Epoch 12 - Train loss: 1.8173 - Val loss: 1.5154
Epoch 13 - Train loss: 1.8230 - Val loss: 1.7320
Epoch 14 - Train loss: 1.8199 - Val loss: 1.9555
Epoch 15 - Train loss: 1.7718 - Val loss: 1.4694
Epoch 16 - Train loss: 1.7974 - Val loss: 1.8948
Epoch 17 - Train loss: 1.7540 - Val loss: 1.3932
Saving best model
Epoch 18 - Train loss: 1.7453 - Val loss: 1.5712
Epoch 19 - Train loss: 1.7671 - Val loss: 1.8285
Epoch 20 - Train loss: 1.5606 - Val loss: 1.3878
Saving best model
Epoch 21 - Train loss: 1.5604 - Val loss: 1.2034
Saving best model
Epoch 22 - Train loss: 1.5502 - Val loss: 1.3848
Epoch 23 - Train loss: 1.5583 - Val loss: 1.5104
Epoch 24 - Train loss: 1.5392 - Val loss: 1.2402
Epoch 25 - Train loss: 1.5469 - Val loss: 1.3406
Epoch 26 - Train loss: 1.5451 - Val loss: 1.2325
Epoch 27 - Train loss: 1.5433 - Val loss: 1.4046
Epoch 28 - Train loss: 1.5444 - Val loss: 1.2858
Epoch 29 - Train loss: 1.5367 - Val loss: 1.3812
Epoch 30 - Train loss: 1.4578 - Val loss: 1.2402
Epoch 31 - Train loss: 1.4522 - Val loss: 1.2200
Epoch 32 - Train loss: 1.4517 - Val loss: 1.1987
Saving best model
