Training : trf_ae_dv_ed.128_nl.8_nh.8_df.512_sl.10_ss.1_lr.0.001_bs.256
Loading datasets  from D:\Projets\GoDaddy\dataset\pickle\all_dataset_10_1_True.pickle
Nb sequences : Train 90914 - Val 3135 - Test 25080
Launch training on cuda
Using encoder census data
Epoch 0 - Train loss: 75.1482 - Val loss: 54.8793
Saving best model
Epoch 1 - Train loss: 52.3661 - Val loss: 49.5354
Saving best model
Epoch 2 - Train loss: 50.8828 - Val loss: 54.9408
Epoch 3 - Train loss: 55.4697 - Val loss: 54.8998
Epoch 4 - Train loss: 55.4654 - Val loss: 54.9650
Epoch 5 - Train loss: 55.4199 - Val loss: 54.9517
Epoch 6 - Train loss: 55.4394 - Val loss: 55.6624
Epoch 7 - Train loss: 55.4038 - Val loss: 55.1238
Epoch 8 - Train loss: 55.4397 - Val loss: 55.0547
Epoch 9 - Train loss: 55.4019 - Val loss: 55.0406
Epoch 10 - Train loss: 55.4162 - Val loss: 55.1367
Epoch 11 - Train loss: 55.4346 - Val loss: 55.1156
Epoch 12 - Train loss: 55.3968 - Val loss: 55.0726
Epoch 13 - Train loss: 55.4253 - Val loss: 55.0610
Epoch 14 - Train loss: 55.4066 - Val loss: 54.9957
Epoch 15 - Train loss: 55.4130 - Val loss: 55.1993
Epoch 16 - Train loss: 55.3835 - Val loss: 54.8606
Epoch 17 - Train loss: 55.4211 - Val loss: 55.1376
Epoch 18 - Train loss: 55.4339 - Val loss: 54.9683
Epoch 19 - Train loss: 55.4170 - Val loss: 55.3296
Epoch 20 - Train loss: 55.4086 - Val loss: 54.8770
Epoch 21 - Train loss: 55.4399 - Val loss: 54.9629
Epoch 22 - Train loss: 55.3866 - Val loss: 54.8681
Epoch 23 - Train loss: 55.4238 - Val loss: 54.8743
Epoch 24 - Train loss: 55.3841 - Val loss: 55.1676
Epoch 25 - Train loss: 55.4409 - Val loss: 54.8787
Epoch 26 - Train loss: 55.4324 - Val loss: 55.5714
Epoch 27 - Train loss: 55.4152 - Val loss: 55.0297
Epoch 28 - Train loss: 55.3905 - Val loss: 54.9325
Epoch 29 - Train loss: 55.3780 - Val loss: 54.8930
Epoch 30 - Train loss: 55.4130 - Val loss: 54.9053
Epoch 31 - Train loss: 55.4537 - Val loss: 54.8914
Epoch 32 - Train loss: 55.4308 - Val loss: 55.1015
Epoch 33 - Train loss: 55.4633 - Val loss: 54.8744
Epoch 34 - Train loss: 55.4077 - Val loss: 55.0808
Epoch 35 - Train loss: 55.4109 - Val loss: 55.4488
Epoch 36 - Train loss: 55.4149 - Val loss: 55.1109
Epoch 37 - Train loss: 55.3801 - Val loss: 55.1871
Epoch 38 - Train loss: 55.3821 - Val loss: 55.3910
Epoch 39 - Train loss: 55.4027 - Val loss: 54.8942
Epoch 40 - Train loss: 55.3772 - Val loss: 55.4981
Epoch 41 - Train loss: 55.4050 - Val loss: 54.9716
Epoch 42 - Train loss: 55.4172 - Val loss: 55.0491
Epoch 43 - Train loss: 55.4218 - Val loss: 54.8754
Epoch 44 - Train loss: 55.4282 - Val loss: 55.1796
Epoch 45 - Train loss: 55.4346 - Val loss: 54.8724
Epoch 46 - Train loss: 55.3901 - Val loss: 55.2181
Epoch 47 - Train loss: 55.3929 - Val loss: 55.4204
Epoch 48 - Train loss: 55.3992 - Val loss: 54.9192
Epoch 49 - Train loss: 55.4288 - Val loss: 55.0387
Epoch 50 - Train loss: 55.4019 - Val loss: 55.0505
Epoch 51 - Train loss: 55.3724 - Val loss: 55.4194
Epoch 52 - Train loss: 55.3869 - Val loss: 55.0134
Epoch 53 - Train loss: 55.3531 - Val loss: 54.9968
Epoch 54 - Train loss: 55.4092 - Val loss: 54.9672
Epoch 55 - Train loss: 55.3598 - Val loss: 54.9790
Epoch 56 - Train loss: 55.3772 - Val loss: 54.9438
Epoch 57 - Train loss: 55.3869 - Val loss: 55.0119
Epoch 58 - Train loss: 55.3867 - Val loss: 55.0314
Epoch 59 - Train loss: 55.4167 - Val loss: 55.1428
Epoch 60 - Train loss: 55.3503 - Val loss: 54.9437
Epoch 61 - Train loss: 55.4099 - Val loss: 54.9529
Epoch 62 - Train loss: 55.4042 - Val loss: 54.9092
Epoch 63 - Train loss: 55.3995 - Val loss: 54.9623
Epoch 64 - Train loss: 55.4305 - Val loss: 54.9319
Epoch 65 - Train loss: 55.3708 - Val loss: 54.9610
Epoch 66 - Train loss: 55.4030 - Val loss: 55.0492
Epoch 67 - Train loss: 55.3408 - Val loss: 55.2090
Epoch 68 - Train loss: 55.3458 - Val loss: 54.9075
Epoch 69 - Train loss: 55.4023 - Val loss: 55.1554
Epoch 70 - Train loss: 55.3696 - Val loss: 54.9441
Epoch 71 - Train loss: 55.3713 - Val loss: 55.0678
Epoch 72 - Train loss: 55.3806 - Val loss: 54.8687
Epoch 73 - Train loss: 55.3622 - Val loss: 55.1694
Epoch 74 - Train loss: 55.3885 - Val loss: 55.1324
Epoch 75 - Train loss: 55.3800 - Val loss: 54.8883
Epoch 76 - Train loss: 55.3910 - Val loss: 55.0195
Epoch 77 - Train loss: 55.3937 - Val loss: 55.0313
Epoch 78 - Train loss: 55.3903 - Val loss: 54.9550
Epoch 79 - Train loss: 55.3935 - Val loss: 55.1641
Epoch 80 - Train loss: 55.3595 - Val loss: 54.8762
Epoch 81 - Train loss: 55.3886 - Val loss: 55.0188
Epoch 82 - Train loss: 55.3937 - Val loss: 55.0557
Epoch 83 - Train loss: 55.4046 - Val loss: 55.0504
Epoch 84 - Train loss: 55.4101 - Val loss: 54.8782
Epoch 85 - Train loss: 55.3859 - Val loss: 55.0051
Epoch 86 - Train loss: 55.3921 - Val loss: 55.6176
Epoch 87 - Train loss: 55.3966 - Val loss: 55.1154
Epoch 88 - Train loss: 55.4121 - Val loss: 54.9918
Epoch 89 - Train loss: 55.3954 - Val loss: 55.0145
Epoch 90 - Train loss: 55.3848 - Val loss: 54.9396
Epoch 91 - Train loss: 55.3886 - Val loss: 55.1513
Epoch 92 - Train loss: 55.3959 - Val loss: 55.0242
Epoch 93 - Train loss: 55.4114 - Val loss: 54.9009
Epoch 94 - Train loss: 55.3841 - Val loss: 54.8904
Epoch 95 - Train loss: 55.3777 - Val loss: 55.3057
Epoch 96 - Train loss: 55.4248 - Val loss: 54.9101
Epoch 97 - Train loss: 55.3922 - Val loss: 55.0566
Epoch 98 - Train loss: 55.3811 - Val loss: 54.8685
Epoch 99 - Train loss: 55.3790 - Val loss: 55.0105
Epoch 100 - Train loss: 55.3611 - Val loss: 54.9220
Epoch 101 - Train loss: 55.3845 - Val loss: 54.9488
Epoch 102 - Train loss: 55.3511 - Val loss: 54.9403
Epoch 103 - Train loss: 55.3540 - Val loss: 55.0237
Epoch 104 - Train loss: 55.3965 - Val loss: 55.0028
Epoch 105 - Train loss: 55.3779 - Val loss: 55.0767
Epoch 106 - Train loss: 55.3527 - Val loss: 54.9814
Epoch 107 - Train loss: 55.3901 - Val loss: 54.9879
Epoch 108 - Train loss: 55.3519 - Val loss: 55.0119
Epoch 109 - Train loss: 55.3674 - Val loss: 55.0888
Epoch 110 - Train loss: 55.3875 - Val loss: 55.0693
Epoch 111 - Train loss: 55.3752 - Val loss: 54.9848
Epoch 112 - Train loss: 55.3716 - Val loss: 55.0300
Epoch 113 - Train loss: 55.3669 - Val loss: 54.8864
Epoch 114 - Train loss: 55.3790 - Val loss: 54.8809
Epoch 115 - Train loss: 55.3854 - Val loss: 55.0972
Epoch 116 - Train loss: 55.3805 - Val loss: 54.9674
Epoch 117 - Train loss: 55.3505 - Val loss: 54.8840
Epoch 118 - Train loss: 55.4438 - Val loss: 55.0063
Epoch 119 - Train loss: 55.3530 - Val loss: 54.9262
Epoch 120 - Train loss: 55.3756 - Val loss: 54.9288
Epoch 121 - Train loss: 55.3846 - Val loss: 54.9605
Epoch 122 - Train loss: 55.3508 - Val loss: 55.0313
Epoch 123 - Train loss: 55.3950 - Val loss: 55.1290
Epoch 124 - Train loss: 55.3931 - Val loss: 54.8971
Epoch 125 - Train loss: 55.3797 - Val loss: 54.9505
Epoch 126 - Train loss: 55.3841 - Val loss: 54.9762
Epoch 127 - Train loss: 55.4041 - Val loss: 54.9763
Epoch 128 - Train loss: 55.3829 - Val loss: 55.1189
Epoch 129 - Train loss: 55.3638 - Val loss: 54.9834
Epoch 130 - Train loss: 55.3958 - Val loss: 54.9198
Epoch 131 - Train loss: 55.3405 - Val loss: 54.9935
Epoch 132 - Train loss: 55.3616 - Val loss: 54.9932
Epoch 133 - Train loss: 55.3931 - Val loss: 54.9808
Epoch 134 - Train loss: 55.3611 - Val loss: 55.0064
Epoch 135 - Train loss: 55.3699 - Val loss: 55.1847
Epoch 136 - Train loss: 55.3931 - Val loss: 55.1359
Epoch 137 - Train loss: 55.3804 - Val loss: 54.9782
Epoch 138 - Train loss: 55.3996 - Val loss: 54.9483
Epoch 139 - Train loss: 55.3959 - Val loss: 55.1381
Epoch 140 - Train loss: 55.3905 - Val loss: 55.0262
Epoch 141 - Train loss: 55.3602 - Val loss: 55.0418
Epoch 142 - Train loss: 55.3974 - Val loss: 54.9283
Epoch 143 - Train loss: 55.3986 - Val loss: 54.8950
Epoch 144 - Train loss: 55.3762 - Val loss: 54.9571
Epoch 145 - Train loss: 55.3897 - Val loss: 55.0384
Epoch 146 - Train loss: 55.3524 - Val loss: 55.0755
Epoch 147 - Train loss: 55.3557 - Val loss: 54.8971
Epoch 148 - Train loss: 55.3634 - Val loss: 55.0198
Epoch 149 - Train loss: 55.3926 - Val loss: 54.9349
Epoch 150 - Train loss: 55.3685 - Val loss: 54.9440
Epoch 151 - Train loss: 55.3693 - Val loss: 55.0075
Epoch 152 - Train loss: 55.3419 - Val loss: 55.0832
Epoch 153 - Train loss: 55.3816 - Val loss: 55.0123
Epoch 154 - Train loss: 55.3832 - Val loss: 54.9134
Epoch 155 - Train loss: 55.3788 - Val loss: 55.0225
Epoch 156 - Train loss: 55.3574 - Val loss: 54.9532
Epoch 157 - Train loss: 55.3632 - Val loss: 55.0607
Epoch 158 - Train loss: 55.3919 - Val loss: 55.0451
Epoch 159 - Train loss: 55.3702 - Val loss: 54.9788
Epoch 160 - Train loss: 55.3663 - Val loss: 55.2085
Epoch 161 - Train loss: 55.3499 - Val loss: 55.0535
Epoch 162 - Train loss: 55.3917 - Val loss: 54.9748
Epoch 163 - Train loss: 55.4043 - Val loss: 54.9374
Epoch 164 - Train loss: 55.3724 - Val loss: 54.9408
Epoch 165 - Train loss: 55.3763 - Val loss: 55.0827
Epoch 166 - Train loss: 55.3562 - Val loss: 54.9347
