Loading model state : D:\Projets\GoDaddy\logs/experiments\trf_ae_dv_ed.128_nl.8_nh.8_df.512_sl.10_ss.1_lr.0.001_bs.256\trf_ae_dv_ed.128_nl.8_nh.8_df.512_sl.10_ss.1_lr.0.001_bs.256.pt
Training : trf_ae_dv_ed.128_nl.8_nh.8_df.512_sl.10_ss.1_lr.0.001_bs.256
Resuming from epoch 173
Loading datasets  from D:\Projets\GoDaddy\dataset\pickle\all_dataset_10_1_True.pickle
Nb sequences : Train 90914 - Val 3135 - Test 25080
Launch training on cuda
Using encoder census data
Setting lr to 0.0001
Epoch 173 - Train loss: 1.7210 - Val loss: 1.3020
Epoch 174 - Train loss: 1.7144 - Val loss: 1.2424
Epoch 175 - Train loss: 1.7170 - Val loss: 1.2457
Epoch 176 - Train loss: 1.7117 - Val loss: 1.2680
Epoch 177 - Train loss: 1.7124 - Val loss: 1.2154
Epoch 178 - Train loss: 1.7125 - Val loss: 1.2851
Epoch 179 - Train loss: 1.7131 - Val loss: 1.2488
Epoch 180 - Train loss: 1.7162 - Val loss: 1.3666
Epoch 181 - Train loss: 1.7109 - Val loss: 1.2514
Epoch 182 - Train loss: 1.7240 - Val loss: 1.3822
Epoch 183 - Train loss: 1.7124 - Val loss: 1.2477
Epoch 184 - Train loss: 1.7152 - Val loss: 1.2360
Epoch 185 - Train loss: 1.7077 - Val loss: 1.2774
Epoch 186 - Train loss: 1.7129 - Val loss: 1.2720
Epoch 187 - Train loss: 1.7161 - Val loss: 1.2407
Epoch 188 - Train loss: 1.7104 - Val loss: 1.2427
Epoch 189 - Train loss: 1.7149 - Val loss: 1.2453
Epoch 190 - Train loss: 1.7143 - Val loss: 1.2223
Epoch 191 - Train loss: 1.7069 - Val loss: 1.2368
Epoch 192 - Train loss: 1.7119 - Val loss: 1.3165
Epoch 193 - Train loss: 1.7037 - Val loss: 1.2743
Epoch 194 - Train loss: 1.7149 - Val loss: 1.2916
Epoch 195 - Train loss: 1.7116 - Val loss: 1.2659
Epoch 196 - Train loss: 1.7126 - Val loss: 1.2335
Epoch 197 - Train loss: 1.7062 - Val loss: 1.3297
Epoch 198 - Train loss: 1.7151 - Val loss: 1.2614
Epoch 199 - Train loss: 1.7122 - Val loss: 1.2288
Epoch 200 - Train loss: 1.7043 - Val loss: 1.2659
Epoch 201 - Train loss: 1.7053 - Val loss: 1.2511
Epoch 202 - Train loss: 1.7035 - Val loss: 1.2949
Epoch 203 - Train loss: 1.7029 - Val loss: 1.2941
Epoch 204 - Train loss: 1.7055 - Val loss: 1.2752
Epoch 205 - Train loss: 1.7002 - Val loss: 1.2871
Epoch 206 - Train loss: 1.7119 - Val loss: 1.2964
Epoch 207 - Train loss: 1.7028 - Val loss: 1.2457
Epoch 208 - Train loss: 1.7025 - Val loss: 1.2336
Epoch 209 - Train loss: 1.7085 - Val loss: 1.3502
Epoch 210 - Train loss: 1.7072 - Val loss: 1.2976
Epoch 211 - Train loss: 1.7050 - Val loss: 1.2677
Epoch 212 - Train loss: 1.7066 - Val loss: 1.2752
Epoch 213 - Train loss: 1.7034 - Val loss: 1.2203
Epoch 214 - Train loss: 1.7046 - Val loss: 1.2510
Epoch 215 - Train loss: 1.7057 - Val loss: 1.2275
Epoch 216 - Train loss: 1.7050 - Val loss: 1.2215
Epoch 217 - Train loss: 1.7067 - Val loss: 1.2996
Epoch 218 - Train loss: 1.7016 - Val loss: 1.2685
Epoch 219 - Train loss: 1.6976 - Val loss: 1.2653
